Build started 2014/6/11 10:59:24.
     1>Project "C:\Users\yangboz\git\petulant-octo-dubstep\HP_ID_Print_App\proj.win32\MyCocos2dxGame.vcxproj" on node 2 (Build target(s)).
     1>ClCompile:
         C:\Program Files (x86)\Microsoft Visual Studio 12.0\VC\bin\CL.exe /c /I"C:\Users\yangboz\git\petulant-octo-dubstep\HP_ID_Print_App\cocos2d\cocos\2d\..\..\cocos\audio\include" /I"C:\Users\yangboz\git\petulant-octo-dubstep\HP_ID_Print_App\cocos2d\cocos\2d\..\..\external" /I"C:\Users\yangboz\git\petulant-octo-dubstep\HP_ID_Print_App\cocos2d\cocos\2d\..\..\external\chipmunk\include\chipmunk" /I"C:\Users\yangboz\git\petulant-octo-dubstep\HP_ID_Print_App\cocos2d\cocos\2d\..\..\extensions" /I"C:\Users\yangboz\git\petulant-octo-dubstep\HP_ID_Print_App\proj.win32\extensions" /I..\Classes /I"C:\Users\yangboz\git\petulant-octo-dubstep\HP_ID_Print_App\cocos2d\cocos\2d\..\..\\" /I"C:\Users\yangboz\git\petulant-octo-dubstep\HP_ID_Print_App\cocos2d\cocos\2d\..\..\cocos" /I"C:\Users\yangboz\git\petulant-octo-dubstep\HP_ID_Print_App\cocos2d\cocos\2d\..\..\cocos\editor-support" /I"C:\Users\yangboz\git\petulant-octo-dubstep\HP_ID_Print_App\cocos2d\cocos\2d\..\..\cocos" /I"C:\Users\yangboz\git\petulant-octo-dubstep\HP_ID_Print_App\cocos2d\cocos\2d\..\..\cocos\2d" /I"C:\Users\yangboz\git\petulant-octo-dubstep\HP_ID_Print_App\cocos2d\cocos\2d\..\..\cocos\2d\renderer" /I"C:\Users\yangboz\git\petulant-octo-dubstep\HP_ID_Print_App\cocos2d\cocos\2d\..\..\cocos\ui" /I"C:\Users\yangboz\git\petulant-octo-dubstep\HP_ID_Print_App\cocos2d\cocos\2d\..\..\cocos\base" /I"C:\Users\yangboz\git\petulant-octo-dubstep\HP_ID_Print_App\cocos2d\cocos\2d\..\..\cocos\physics" /I"C:\Users\yangboz\git\petulant-octo-dubstep\HP_ID_Print_App\cocos2d\cocos\2d\..\..\cocos\math\kazmath" /I"C:\Users\yangboz\git\petulant-octo-dubstep\HP_ID_Print_App\cocos2d\cocos\2d\..\..\cocos\2d\platform\win32" /I"C:\Users\yangboz\git\petulant-octo-dubstep\HP_ID_Print_App\cocos2d\cocos\2d\..\..\cocos\2d\platform\desktop" /I"C:\Users\yangboz\git\petulant-octo-dubstep\HP_ID_Print_App\cocos2d\cocos\2d\..\..\external\glfw3\include\win32" /I"C:\Users\yangboz\git\petulant-octo-dubstep\HP_ID_Print_App\cocos2d\cocos\2d\..\..\external\win32-specific\gles\include\OGLES" /ZI /nologo /W3 /WX- /MP /Od /Oy- /D WIN32 /D _DEBUG /D _WINDOWS /D _USE_MATH_DEFINES /D GL_GLEXT_PROTOTYPES /D CC_ENABLE_CHIPMUNK_INTEGRATION=1 /D COCOS2D_DEBUG=1 /D _CRT_SECURE_NO_WARNINGS /D _SCL_SECURE_NO_WARNINGS /D _VARIADIC_MAX=10 /D _UNICODE /D UNICODE /Gm- /EHsc /RTC1 /MDd /GS /fp:precise /Zc:wchar_t /Zc:forScope /Fo"Debug.win32\\" /Fd"Debug.win32\vc120.pdb" /Gd /TP /wd4267 /wd4251 /wd4244 /analyze- /errorReport:prompt ..\Classes\AppDelegate.cpp ..\Classes\HelloWorldScene.cpp ..\Classes\OpenCvOperation.cpp
         AppDelegate.cpp
         HelloWorldScene.cpp
         OpenCvOperation.cpp
     1>c:\users\yangboz\git\petulant-octo-dubstep\hp_id_print_app\classes\opencvoperation.cpp(385): warning C4018: '<' : signed/unsigned mismatch
     1>c:\users\yangboz\git\petulant-octo-dubstep\hp_id_print_app\classes\opencvoperation.cpp(392): warning C4018: '<' : signed/unsigned mismatch
     1>c:\users\yangboz\git\petulant-octo-dubstep\hp_id_print_app\classes\opencvoperation.cpp(856): warning C4800: 'int' : forcing value to bool 'true' or 'false' (performance warning)
     1>c:\users\yangboz\git\petulant-octo-dubstep\hp_id_print_app\classes\popuplayer\ccscale9sprite.h(12): warning C4996: 'cocos2d::CCNode': was declared deprecated (..\Classes\AppDelegate.cpp)
                 c:\users\yangboz\git\petulant-octo-dubstep\hp_id_print_app\cocos2d\cocos\deprecated\ccdeprecated.h(565) : see declaration of 'cocos2d::CCNode'
     1>c:\users\yangboz\git\petulant-octo-dubstep\hp_id_print_app\classes\popuplayer\ccscale9sprite.h(14): warning C4996: 'cocos2d::CCSpriteBatchNode': was declared deprecated (..\Classes\AppDelegate.cpp)
                 c:\users\yangboz\git\petulant-octo-dubstep\hp_id_print_app\cocos2d\cocos\deprecated\ccdeprecated.h(680) : see declaration of 'cocos2d::CCSpriteBatchNode'
     1>c:\users\yangboz\git\petulant-octo-dubstep\hp_id_print_app\classes\popuplayer\ccscale9sprite.h(15): warning C4996: 'cocos2d::CCSprite': was declared deprecated (..\Classes\AppDelegate.cpp)
                 c:\users\yangboz\git\petulant-octo-dubstep\hp_id_print_app\cocos2d\cocos\deprecated\ccdeprecated.h(678) : see declaration of 'cocos2d::CCSprite'
     1>c:\users\yangboz\git\petulant-octo-dubstep\hp_id_print_app\classes\popuplayer\ccscale9sprite.h(16): warning C4996: 'cocos2d::CCSprite': was declared deprecated (..\Classes\AppDelegate.cpp)
                 c:\users\yangboz\git\petulant-octo-dubstep\hp_id_print_app\cocos2d\cocos\deprecated\ccdeprecated.h(678) : see declaration of 'cocos2d::CCSprite'
     1>c:\users\yangboz\git\petulant-octo-dubstep\hp_id_print_app\classes\popuplayer\ccscale9sprite.h(17): warning C4996: 'cocos2d::CCSprite': was declared deprecated (..\Classes\AppDelegate.cpp)
                 c:\users\yangboz\git\petulant-octo-dubstep\hp_id_print_app\cocos2d\cocos\deprecated\ccdeprecated.h(678) : see declaration of 'cocos2d::CCSprite'
     1>c:\users\yangboz\git\petulant-octo-dubstep\hp_id_print_app\classes\popuplayer\ccscale9sprite.h(18): warning C4996: 'cocos2d::CCSprite': was declared deprecated (..\Classes\AppDelegate.cpp)
                 c:\users\yangboz\git\petulant-octo-dubstep\hp_id_print_app\cocos2d\cocos\deprecated\ccdeprecated.h(678) : see declaration of 'cocos2d::CCSprite'
     1>c:\users\yangboz\git\petulant-octo-dubstep\hp_id_print_app\classes\popuplayer\ccscale9sprite.h(19): warning C4996: 'cocos2d::CCSprite': was declared deprecated (..\Classes\AppDelegate.cpp)
                 c:\users\yangboz\git\petulant-octo-dubstep\hp_id_print_app\cocos2d\cocos\deprecated\ccdeprecated.h(678) : see declaration of 'cocos2d::CCSprite'
     1>c:\users\yangboz\git\petulant-octo-dubstep\hp_id_print_app\classes\popuplayer\ccscale9sprite.h(20): warning C4996: 'cocos2d::CCSprite': was declared deprecated (..\Classes\AppDelegate.cpp)
                 c:\users\yangboz\git\petulant-octo-dubstep\hp_id_print_app\cocos2d\cocos\deprecated\ccdeprecated.h(678) : see declaration of 'cocos2d::CCSprite'
     1>c:\users\yangboz\git\petulant-octo-dubstep\hp_id_print_app\classes\popuplayer\ccscale9sprite.h(21): warning C4996: 'cocos2d::CCSprite': was declared deprecated (..\Classes\AppDelegate.cpp)
                 c:\users\yangboz\git\petulant-octo-dubstep\hp_id_print_app\cocos2d\cocos\deprecated\ccdeprecated.h(678) : see declaration of 'cocos2d::CCSprite'
     1>c:\users\yangboz\git\petulant-octo-dubstep\hp_id_print_app\classes\popuplayer\ccscale9sprite.h(22): warning C4996: 'cocos2d::CCSprite': was declared deprecated (..\Classes\AppDelegate.cpp)
                 c:\users\yangboz\git\petulant-octo-dubstep\hp_id_print_app\cocos2d\cocos\deprecated\ccdeprecated.h(678) : see declaration of 'cocos2d::CCSprite'
     1>c:\users\yangboz\git\petulant-octo-dubstep\hp_id_print_app\classes\popuplayer\ccscale9sprite.h(23): warning C4996: 'cocos2d::CCSprite': was declared deprecated (..\Classes\AppDelegate.cpp)
                 c:\users\yangboz\git\petulant-octo-dubstep\hp_id_print_app\cocos2d\cocos\deprecated\ccdeprecated.h(678) : see declaration of 'cocos2d::CCSprite'
     1>c:\users\yangboz\git\petulant-octo-dubstep\hp_id_print_app\classes\popuplayer\ccscale9sprite.h(24): warning C4996: 'cocos2d::CCSize': was declared deprecated (..\Classes\AppDelegate.cpp)
                 c:\users\yangboz\git\petulant-octo-dubstep\hp_id_print_app\cocos2d\cocos\deprecated\ccdeprecated.h(773) : see declaration of 'cocos2d::CCSize'
     1>c:\users\yangboz\git\petulant-octo-dubstep\hp_id_print_app\classes\popuplayer\ccscale9sprite.h(25): warning C4996: 'cocos2d::CCRect': was declared deprecated (..\Classes\AppDelegate.cpp)
                 c:\users\yangboz\git\petulant-octo-dubstep\hp_id_print_app\cocos2d\cocos\deprecated\ccdeprecated.h(774) : see declaration of 'cocos2d::CCRect'
     1>c:\users\yangboz\git\petulant-octo-dubstep\hp_id_print_app\classes\popuplayer\ccscale9sprite.h(30): warning C4996: 'cocos2d::ccColor3B': was declared deprecated (..\Classes\AppDelegate.cpp)
                 c:\users\yangboz\git\petulant-octo-dubstep\hp_id_print_app\cocos2d\cocos\deprecated\ccdeprecated.h(775) : see declaration of 'cocos2d::ccColor3B'
                 c:\users\yangboz\git\petulant-octo-dubstep\hp_id_print_app\cocos2d\cocos\deprecated\ccdeprecated.h(775) : see declaration of 'cocos2d::ccColor3B'
                 c:\users\yangboz\git\petulant-octo-dubstep\hp_id_print_app\cocos2d\cocos\deprecated\ccdeprecated.h(775) : see declaration of 'cocos2d::ccColor3B'
     1>c:\users\yangboz\git\petulant-octo-dubstep\hp_id_print_app\classes\popuplayer\ccscale9sprite.h(33): warning C4996: 'cocos2d::CCRect': was declared deprecated (..\Classes\AppDelegate.cpp)
                 c:\users\yangboz\git\petulant-octo-dubstep\hp_id_print_app\cocos2d\cocos\deprecated\ccdeprecated.h(774) : see declaration of 'cocos2d::CCRect'
     1>c:\users\yangboz\git\petulant-octo-dubstep\hp_id_print_app\classes\popuplayer\ccscale9sprite.h(34): warning C4996: 'cocos2d::CCRect': was declared deprecated (..\Classes\AppDelegate.cpp)
                 c:\users\yangboz\git\petulant-octo-dubstep\hp_id_print_app\cocos2d\cocos\deprecated\ccdeprecated.h(774) : see declaration of 'cocos2d::CCRect'
                 c:\users\yangboz\git\petulant-octo-dubstep\hp_id_print_app\cocos2d\cocos\deprecated\ccdeprecated.h(774) : see declaration of 'cocos2d::CCRect'
     1>c:\users\yangboz\git\petulant-octo-dubstep\hp_id_print_app\classes\popuplayer\ccscale9sprite.h(36): warning C4996: 'cocos2d::CCSize': was declared deprecated (..\Classes\AppDelegate.cpp)
                 c:\users\yangboz\git\petulant-octo-dubstep\hp_id_print_app\cocos2d\cocos\deprecated\ccdeprecated.h(773) : see declaration of 'cocos2d::CCSize'
     1>c:\users\yangboz\git\petulant-octo-dubstep\hp_id_print_app\classes\popuplayer\ccscale9sprite.h(37): warning C4996: 'cocos2d::CCRGBAProtocol': was declared deprecated (..\Classes\AppDelegate.cpp)
                 c:\users\yangboz\git\petulant-octo-dubstep\hp_id_print_app\cocos2d\cocos\deprecated\ccdeprecated.h(567) : see declaration of 'cocos2d::CCRGBAProtocol'
     1>c:\users\yangboz\git\petulant-octo-dubstep\hp_id_print_app\classes\popuplayer\ccscale9sprite.h(37): warning C4996: 'cocos2d::CCSpriteBatchNode': was declared deprecated (..\Classes\AppDelegate.cpp)
                 c:\users\yangboz\git\petulant-octo-dubstep\hp_id_print_app\cocos2d\cocos\deprecated\ccdeprecated.h(680) : see declaration of 'cocos2d::CCSpriteBatchNode'
     1>c:\users\yangboz\git\petulant-octo-dubstep\hp_id_print_app\classes\popuplayer\ccscale9sprite.h(37): warning C4996: 'cocos2d::CCSprite': was declared deprecated (..\Classes\AppDelegate.cpp)
                 c:\users\yangboz\git\petulant-octo-dubstep\hp_id_print_app\cocos2d\cocos\deprecated\ccdeprecated.h(678) : see declaration of 'cocos2d::CCSprite'
     1>c:\users\yangboz\git\petulant-octo-dubstep\hp_id_print_app\classes\popuplayer\ccscale9sprite.h(37): warning C4996: 'cocos2d::CCSize': was declared deprecated (..\Classes\AppDelegate.cpp)
                 c:\users\yangboz\git\petulant-octo-dubstep\hp_id_print_app\cocos2d\cocos\deprecated\ccdeprecated.h(773) : see declaration of 'cocos2d::CCSize'
     1>c:\users\yangboz\git\petulant-octo-dubstep\hp_id_print_app\classes\popuplayer\ccscale9sprite.h(37): warning C4996: 'cocos2d::CCRect': was declared deprecated (..\Classes\AppDelegate.cpp)
                 c:\users\yangboz\git\petulant-octo-dubstep\hp_id_print_app\cocos2d\cocos\deprecated\ccdeprecated.h(774) : see declaration of 'cocos2d::CCRect'
     1>c:\users\yangboz\git\petulant-octo-dubstep\hp_id_print_app\classes\popuplayer\ccscale9sprite.h(37): warning C4996: 'cocos2d::ccColor3B': was declared deprecated (..\Classes\AppDelegate.cpp)
                 c:\users\yangboz\git\petulant-octo-dubstep\hp_id_print_app\cocos2d\cocos\deprecated\ccdeprecated.h(775) : see declaration of 'cocos2d::ccColor3B'
                 c:\users\yangboz\git\petulant-octo-dubstep\hp_id_print_app\cocos2d\cocos\deprecated\ccdeprecated.h(567) : see declaration of 'cocos2d::CCRGBAProtocol'
                 c:\users\yangboz\git\petulant-octo-dubstep\hp_id_print_app\cocos2d\cocos\deprecated\ccdeprecated.h(567) : see declaration of 'cocos2d::CCRGBAProtocol'
     1>c:\users\yangboz\git\petulant-octo-dubstep\hp_id_print_app\classes\popuplayer\popuplayer.h(20): warning C4996: 'cocos2d::CCLayer': was declared deprecated (..\Classes\AppDelegate.cpp)
                 c:\users\yangboz\git\petulant-octo-dubstep\hp_id_print_app\cocos2d\cocos\deprecated\ccdeprecated.h(682) : see declaration of 'cocos2d::CCLayer'
     1>c:\users\yangboz\git\petulant-octo-dubstep\hp_id_print_app\classes\popuplayer\popuplayer.h(36): warning C4996: 'cocos2d::CCObject': was declared deprecated (..\Classes\AppDelegate.cpp)
                 c:\users\yangboz\git\petulant-octo-dubstep\hp_id_print_app\cocos2d\cocos\deprecated\ccdeprecated.h(536) : see declaration of 'cocos2d::CCObject'
     1>c:\users\yangboz\git\petulant-octo-dubstep\hp_id_print_app\classes\popuplayer\popuplayer.h(44): warning C4996: 'cocos2d::CCObject': was declared deprecated (..\Classes\AppDelegate.cpp)
                 c:\users\yangboz\git\petulant-octo-dubstep\hp_id_print_app\cocos2d\cocos\deprecated\ccdeprecated.h(536) : see declaration of 'cocos2d::CCObject'
     1>c:\users\yangboz\git\petulant-octo-dubstep\hp_id_print_app\classes\popuplayer\popuplayer.h(50): warning C4996: 'cocos2d::CCObject': was declared deprecated (..\Classes\AppDelegate.cpp)
                 c:\users\yangboz\git\petulant-octo-dubstep\hp_id_print_app\cocos2d\cocos\deprecated\ccdeprecated.h(536) : see declaration of 'cocos2d::CCObject'
     1>c:\users\yangboz\git\petulant-octo-dubstep\hp_id_print_app\classes\popuplayer\popuplayer.h(53): warning C4996: 'cocos2d::CCMenu': was declared deprecated (..\Classes\AppDelegate.cpp)
                 c:\users\yangboz\git\petulant-octo-dubstep\hp_id_print_app\cocos2d\cocos\deprecated\ccdeprecated.h(733) : see declaration of 'cocos2d::CCMenu'
                 c:\users\yangboz\git\petulant-octo-dubstep\hp_id_print_app\cocos2d\cocos\deprecated\ccdeprecated.h(733) : see declaration of 'cocos2d::CCMenu'
                 c:\users\yangboz\git\petulant-octo-dubstep\hp_id_print_app\cocos2d\cocos\deprecated\ccdeprecated.h(733) : see declaration of 'cocos2d::CCMenu'
     1>c:\users\yangboz\git\petulant-octo-dubstep\hp_id_print_app\classes\popuplayer\popuplayer.h(54): warning C4996: 'cocos2d::CCSprite': was declared deprecated (..\Classes\AppDelegate.cpp)
                 c:\users\yangboz\git\petulant-octo-dubstep\hp_id_print_app\cocos2d\cocos\deprecated\ccdeprecated.h(678) : see declaration of 'cocos2d::CCSprite'
                 c:\users\yangboz\git\petulant-octo-dubstep\hp_id_print_app\cocos2d\cocos\deprecated\ccdeprecated.h(678) : see declaration of 'cocos2d::CCSprite'
                 c:\users\yangboz\git\petulant-octo-dubstep\hp_id_print_app\cocos2d\cocos\deprecated\ccdeprecated.h(678) : see declaration of 'cocos2d::CCSprite'
     1>c:\users\yangboz\git\petulant-octo-dubstep\hp_id_print_app\classes\popuplayer\popuplayer.h(56): warning C4996: 'cocos2d::LabelTTF': was declared deprecated (..\Classes\AppDelegate.cpp)
                 c:\users\yangboz\git\petulant-octo-dubstep\hp_id_print_app\cocos2d\cocos\2d\cclabelttf.h(59) : see declaration of 'cocos2d::LabelTTF'
                 c:\users\yangboz\git\petulant-octo-dubstep\hp_id_print_app\cocos2d\cocos\2d\cclabelttf.h(59) : see declaration of 'cocos2d::LabelTTF'
                 c:\users\yangboz\git\petulant-octo-dubstep\hp_id_print_app\cocos2d\cocos\2d\cclabelttf.h(59) : see declaration of 'cocos2d::LabelTTF'
     1>c:\users\yangboz\git\petulant-octo-dubstep\hp_id_print_app\classes\popuplayer\popuplayer.h(57): warning C4996: 'cocos2d::LabelTTF': was declared deprecated (..\Classes\AppDelegate.cpp)
                 c:\users\yangboz\git\petulant-octo-dubstep\hp_id_print_app\cocos2d\cocos\2d\cclabelttf.h(59) : see declaration of 'cocos2d::LabelTTF'
                 c:\users\yangboz\git\petulant-octo-dubstep\hp_id_print_app\cocos2d\cocos\2d\cclabelttf.h(59) : see declaration of 'cocos2d::LabelTTF'
                 c:\users\yangboz\git\petulant-octo-dubstep\hp_id_print_app\cocos2d\cocos\2d\cclabelttf.h(59) : see declaration of 'cocos2d::LabelTTF'
     1>c:\users\yangboz\git\petulant-octo-dubstep\hp_id_print_app\classes\popuplayer\popuplayer.h(26): warning C4996: 'cocos2d::CCObject': was declared deprecated (..\Classes\AppDelegate.cpp)
                 c:\users\yangboz\git\petulant-octo-dubstep\hp_id_print_app\cocos2d\cocos\deprecated\ccdeprecated.h(536) : see declaration of 'cocos2d::CCObject'
     1>c:\users\yangboz\git\petulant-octo-dubstep\hp_id_print_app\classes\popuplayer\popuplayer.h(26): warning C4996: 'cocos2d::CCMenu': was declared deprecated (..\Classes\AppDelegate.cpp)
                 c:\users\yangboz\git\petulant-octo-dubstep\hp_id_print_app\cocos2d\cocos\deprecated\ccdeprecated.h(733) : see declaration of 'cocos2d::CCMenu'
                 c:\users\yangboz\git\petulant-octo-dubstep\hp_id_print_app\cocos2d\cocos\deprecated\ccdeprecated.h(733) : see declaration of 'cocos2d::CCMenu'
                 c:\users\yangboz\git\petulant-octo-dubstep\hp_id_print_app\cocos2d\cocos\deprecated\ccdeprecated.h(678) : see declaration of 'cocos2d::CCSprite'
     1>c:\users\yangboz\git\petulant-octo-dubstep\hp_id_print_app\classes\helloworldscene.h(58): warning C4996: 'cocos2d::Object': was declared deprecated (..\Classes\AppDelegate.cpp)
                 c:\users\yangboz\git\petulant-octo-dubstep\hp_id_print_app\cocos2d\cocos\deprecated\ccdeprecated.h(537) : see declaration of 'cocos2d::Object'
     1>c:\users\yangboz\git\petulant-octo-dubstep\hp_id_print_app\classes\helloworldscene.h(59): warning C4996: 'cocos2d::Object': was declared deprecated (..\Classes\AppDelegate.cpp)
                 c:\users\yangboz\git\petulant-octo-dubstep\hp_id_print_app\cocos2d\cocos\deprecated\ccdeprecated.h(537) : see declaration of 'cocos2d::Object'
     1>c:\users\yangboz\git\petulant-octo-dubstep\hp_id_print_app\classes\helloworldscene.h(60): warning C4996: 'cocos2d::Object': was declared deprecated (..\Classes\AppDelegate.cpp)
                 c:\users\yangboz\git\petulant-octo-dubstep\hp_id_print_app\cocos2d\cocos\deprecated\ccdeprecated.h(537) : see declaration of 'cocos2d::Object'
     1>c:\users\yangboz\git\petulant-octo-dubstep\hp_id_print_app\classes\helloworldscene.h(61): warning C4996: 'cocos2d::Object': was declared deprecated (..\Classes\AppDelegate.cpp)
                 c:\users\yangboz\git\petulant-octo-dubstep\hp_id_print_app\cocos2d\cocos\deprecated\ccdeprecated.h(537) : see declaration of 'cocos2d::Object'
     1>c:\users\yangboz\git\petulant-octo-dubstep\hp_id_print_app\classes\helloworldscene.h(63): warning C4996: 'cocos2d::Object': was declared deprecated (..\Classes\AppDelegate.cpp)
                 c:\users\yangboz\git\petulant-octo-dubstep\hp_id_print_app\cocos2d\cocos\deprecated\ccdeprecated.h(537) : see declaration of 'cocos2d::Object'
     1>c:\users\yangboz\git\petulant-octo-dubstep\hp_id_print_app\classes\helloworldscene.h(64): warning C4996: 'cocos2d::Object': was declared deprecated (..\Classes\AppDelegate.cpp)
                 c:\users\yangboz\git\petulant-octo-dubstep\hp_id_print_app\cocos2d\cocos\deprecated\ccdeprecated.h(537) : see declaration of 'cocos2d::Object'
     1>c:\users\yangboz\git\petulant-octo-dubstep\hp_id_print_app\classes\helloworldscene.h(65): warning C4996: 'cocos2d::Object': was declared deprecated (..\Classes\AppDelegate.cpp)
                 c:\users\yangboz\git\petulant-octo-dubstep\hp_id_print_app\cocos2d\cocos\deprecated\ccdeprecated.h(537) : see declaration of 'cocos2d::Object'
     1>c:\users\yangboz\git\petulant-octo-dubstep\hp_id_print_app\classes\helloworldscene.h(66): warning C4996: 'cocos2d::Object': was declared deprecated (..\Classes\AppDelegate.cpp)
                 c:\users\yangboz\git\petulant-octo-dubstep\hp_id_print_app\cocos2d\cocos\deprecated\ccdeprecated.h(537) : see declaration of 'cocos2d::Object'
     1>c:\users\yangboz\git\petulant-octo-dubstep\hp_id_print_app\classes\helloworldscene.h(67): warning C4996: 'cocos2d::Object': was declared deprecated (..\Classes\AppDelegate.cpp)
                 c:\users\yangboz\git\petulant-octo-dubstep\hp_id_print_app\cocos2d\cocos\deprecated\ccdeprecated.h(537) : see declaration of 'cocos2d::Object'
     1>c:\users\yangboz\git\petulant-octo-dubstep\hp_id_print_app\classes\helloworldscene.h(69): warning C4996: 'cocos2d::Object': was declared deprecated (..\Classes\AppDelegate.cpp)
                 c:\users\yangboz\git\petulant-octo-dubstep\hp_id_print_app\cocos2d\cocos\deprecated\ccdeprecated.h(537) : see declaration of 'cocos2d::Object'
     1>c:\users\yangboz\git\petulant-octo-dubstep\hp_id_print_app\classes\helloworldscene.h(70): warning C4996: 'cocos2d::Object': was declared deprecated (..\Classes\AppDelegate.cpp)
                 c:\users\yangboz\git\petulant-octo-dubstep\hp_id_print_app\cocos2d\cocos\deprecated\ccdeprecated.h(537) : see declaration of 'cocos2d::Object'
     1>c:\users\yangboz\git\petulant-octo-dubstep\hp_id_print_app\classes\helloworldscene.h(73): warning C4996: 'cocos2d::Object': was declared deprecated (..\Classes\AppDelegate.cpp)
                 c:\users\yangboz\git\petulant-octo-dubstep\hp_id_print_app\cocos2d\cocos\deprecated\ccdeprecated.h(537) : see declaration of 'cocos2d::Object'
     1>c:\users\yangboz\git\petulant-octo-dubstep\hp_id_print_app\classes\helloworldscene.h(74): warning C4996: 'cocos2d::Object': was declared deprecated (..\Classes\AppDelegate.cpp)
                 c:\users\yangboz\git\petulant-octo-dubstep\hp_id_print_app\cocos2d\cocos\deprecated\ccdeprecated.h(537) : see declaration of 'cocos2d::Object'
     1>c:\users\yangboz\git\petulant-octo-dubstep\hp_id_print_app\classes\helloworldscene.h(76): warning C4996: 'cocos2d::Object': was declared deprecated (..\Classes\AppDelegate.cpp)
                 c:\users\yangboz\git\petulant-octo-dubstep\hp_id_print_app\cocos2d\cocos\deprecated\ccdeprecated.h(537) : see declaration of 'cocos2d::Object'
     1>c:\users\yangboz\git\petulant-octo-dubstep\hp_id_print_app\classes\helloworldscene.h(77): warning C4996: 'cocos2d::Object': was declared deprecated (..\Classes\AppDelegate.cpp)
                 c:\users\yangboz\git\petulant-octo-dubstep\hp_id_print_app\cocos2d\cocos\deprecated\ccdeprecated.h(537) : see declaration of 'cocos2d::Object'
     1>c:\users\yangboz\git\petulant-octo-dubstep\hp_id_print_app\classes\helloworldscene.h(78): warning C4996: 'cocos2d::Object': was declared deprecated (..\Classes\AppDelegate.cpp)
                 c:\users\yangboz\git\petulant-octo-dubstep\hp_id_print_app\cocos2d\cocos\deprecated\ccdeprecated.h(537) : see declaration of 'cocos2d::Object'
     1>c:\users\yangboz\git\petulant-octo-dubstep\hp_id_print_app\classes\helloworldscene.h(80): warning C4996: 'cocos2d::Object': was declared deprecated (..\Classes\AppDelegate.cpp)
                 c:\users\yangboz\git\petulant-octo-dubstep\hp_id_print_app\cocos2d\cocos\deprecated\ccdeprecated.h(537) : see declaration of 'cocos2d::Object'
     1>c:\users\yangboz\git\petulant-octo-dubstep\hp_id_print_app\classes\helloworldscene.h(81): warning C4996: 'cocos2d::Object': was declared deprecated (..\Classes\AppDelegate.cpp)
                 c:\users\yangboz\git\petulant-octo-dubstep\hp_id_print_app\cocos2d\cocos\deprecated\ccdeprecated.h(537) : see declaration of 'cocos2d::Object'
     1>c:\users\yangboz\git\petulant-octo-dubstep\hp_id_print_app\classes\helloworldscene.h(82): warning C4996: 'cocos2d::Object': was declared deprecated (..\Classes\AppDelegate.cpp)
                 c:\users\yangboz\git\petulant-octo-dubstep\hp_id_print_app\cocos2d\cocos\deprecated\ccdeprecated.h(537) : see declaration of 'cocos2d::Object'
     1>c:\users\yangboz\git\petulant-octo-dubstep\hp_id_print_app\classes\helloworldscene.h(83): warning C4996: 'cocos2d::Object': was declared deprecated (..\Classes\AppDelegate.cpp)
                 c:\users\yangboz\git\petulant-octo-dubstep\hp_id_print_app\cocos2d\cocos\deprecated\ccdeprecated.h(537) : see declaration of 'cocos2d::Object'
     1>c:\users\yangboz\git\petulant-octo-dubstep\hp_id_print_app\classes\helloworldscene.h(85): warning C4996: 'cocos2d::Object': was declared deprecated (..\Classes\AppDelegate.cpp)
                 c:\users\yangboz\git\petulant-octo-dubstep\hp_id_print_app\cocos2d\cocos\deprecated\ccdeprecated.h(537) : see declaration of 'cocos2d::Object'
     1>c:\users\yangboz\git\petulant-octo-dubstep\hp_id_print_app\classes\helloworldscene.h(86): warning C4996: 'cocos2d::Object': was declared deprecated (..\Classes\AppDelegate.cpp)
                 c:\users\yangboz\git\petulant-octo-dubstep\hp_id_print_app\cocos2d\cocos\deprecated\ccdeprecated.h(537) : see declaration of 'cocos2d::Object'
     1>c:\users\yangboz\git\petulant-octo-dubstep\hp_id_print_app\classes\helloworldscene.h(87): warning C4996: 'cocos2d::Object': was declared deprecated (..\Classes\AppDelegate.cpp)
                 c:\users\yangboz\git\petulant-octo-dubstep\hp_id_print_app\cocos2d\cocos\deprecated\ccdeprecated.h(537) : see declaration of 'cocos2d::Object'
     1>c:\users\yangboz\git\petulant-octo-dubstep\hp_id_print_app\classes\helloworldscene.h(88): warning C4996: 'cocos2d::Object': was declared deprecated (..\Classes\AppDelegate.cpp)
                 c:\users\yangboz\git\petulant-octo-dubstep\hp_id_print_app\cocos2d\cocos\deprecated\ccdeprecated.h(537) : see declaration of 'cocos2d::Object'
     1>c:\users\yangboz\git\petulant-octo-dubstep\hp_id_print_app\classes\helloworldscene.h(89): warning C4996: 'cocos2d::Object': was declared deprecated (..\Classes\AppDelegate.cpp)
                 c:\users\yangboz\git\petulant-octo-dubstep\hp_id_print_app\cocos2d\cocos\deprecated\ccdeprecated.h(537) : see declaration of 'cocos2d::Object'
     1>c:\users\yangboz\git\petulant-octo-dubstep\hp_id_print_app\classes\helloworldscene.h(90): warning C4996: 'cocos2d::Object': was declared deprecated (..\Classes\AppDelegate.cpp)
                 c:\users\yangboz\git\petulant-octo-dubstep\hp_id_print_app\cocos2d\cocos\deprecated\ccdeprecated.h(537) : see declaration of 'cocos2d::Object'
     1>c:\users\yangboz\git\petulant-octo-dubstep\hp_id_print_app\classes\helloworldscene.h(92): warning C4996: 'cocos2d::Object': was declared deprecated (..\Classes\AppDelegate.cpp)
                 c:\users\yangboz\git\petulant-octo-dubstep\hp_id_print_app\cocos2d\cocos\deprecated\ccdeprecated.h(537) : see declaration of 'cocos2d::Object'
     1>c:\users\yangboz\git\petulant-octo-dubstep\hp_id_print_app\classes\helloworldscene.h(93): warning C4996: 'cocos2d::Object': was declared deprecated (..\Classes\AppDelegate.cpp)
                 c:\users\yangboz\git\petulant-octo-dubstep\hp_id_print_app\cocos2d\cocos\deprecated\ccdeprecated.h(537) : see declaration of 'cocos2d::Object'
     1>c:\users\yangboz\git\petulant-octo-dubstep\hp_id_print_app\classes\helloworldscene.h(95): warning C4996: 'cocos2d::Object': was declared deprecated (..\Classes\AppDelegate.cpp)
                 c:\users\yangboz\git\petulant-octo-dubstep\hp_id_print_app\cocos2d\cocos\deprecated\ccdeprecated.h(537) : see declaration of 'cocos2d::Object'
     1>c:\users\yangboz\git\petulant-octo-dubstep\hp_id_print_app\classes\helloworldscene.h(95): warning C4996: 'cocos2d::CCPoint': was declared deprecated (..\Classes\AppDelegate.cpp)
                 c:\users\yangboz\git\petulant-octo-dubstep\hp_id_print_app\cocos2d\cocos\deprecated\ccdeprecated.h(772) : see declaration of 'cocos2d::CCPoint'
     1>c:\users\yangboz\git\petulant-octo-dubstep\hp_id_print_app\classes\appdelegate.cpp(19): warning C4996: 'cocos2d::CCRectMake': was declared deprecated
                 c:\users\yangboz\git\petulant-octo-dubstep\hp_id_print_app\cocos2d\cocos\deprecated\ccdeprecated.h(388) : see declaration of 'cocos2d::CCRectMake'
     1>c:\users\yangboz\git\petulant-octo-dubstep\hp_id_print_app\classes\popuplayer\ccscale9sprite.h(12): warning C4996: 'cocos2d::CCNode': was declared deprecated (..\Classes\HelloWorldScene.cpp)
                 c:\users\yangboz\git\petulant-octo-dubstep\hp_id_print_app\cocos2d\cocos\deprecated\ccdeprecated.h(565) : see declaration of 'cocos2d::CCNode'
     1>c:\users\yangboz\git\petulant-octo-dubstep\hp_id_print_app\classes\popuplayer\ccscale9sprite.h(14): warning C4996: 'cocos2d::CCSpriteBatchNode': was declared deprecated (..\Classes\HelloWorldScene.cpp)
                 c:\users\yangboz\git\petulant-octo-dubstep\hp_id_print_app\cocos2d\cocos\deprecated\ccdeprecated.h(680) : see declaration of 'cocos2d::CCSpriteBatchNode'
     1>c:\users\yangboz\git\petulant-octo-dubstep\hp_id_print_app\classes\popuplayer\ccscale9sprite.h(15): warning C4996: 'cocos2d::CCSprite': was declared deprecated (..\Classes\HelloWorldScene.cpp)
                 c:\users\yangboz\git\petulant-octo-dubstep\hp_id_print_app\cocos2d\cocos\deprecated\ccdeprecated.h(678) : see declaration of 'cocos2d::CCSprite'
     1>c:\users\yangboz\git\petulant-octo-dubstep\hp_id_print_app\classes\popuplayer\ccscale9sprite.h(16): warning C4996: 'cocos2d::CCSprite': was declared deprecated (..\Classes\HelloWorldScene.cpp)
                 c:\users\yangboz\git\petulant-octo-dubstep\hp_id_print_app\cocos2d\cocos\deprecated\ccdeprecated.h(678) : see declaration of 'cocos2d::CCSprite'
     1>c:\users\yangboz\git\petulant-octo-dubstep\hp_id_print_app\classes\popuplayer\ccscale9sprite.h(17): warning C4996: 'cocos2d::CCSprite': was declared deprecated (..\Classes\HelloWorldScene.cpp)
                 c:\users\yangboz\git\petulant-octo-dubstep\hp_id_print_app\cocos2d\cocos\deprecated\ccdeprecated.h(678) : see declaration of 'cocos2d::CCSprite'
     1>c:\users\yangboz\git\petulant-octo-dubstep\hp_id_print_app\classes\popuplayer\ccscale9sprite.h(18): warning C4996: 'cocos2d::CCSprite': was declared deprecated (..\Classes\HelloWorldScene.cpp)
                 c:\users\yangboz\git\petulant-octo-dubstep\hp_id_print_app\cocos2d\cocos\deprecated\ccdeprecated.h(678) : see declaration of 'cocos2d::CCSprite'
     1>c:\users\yangboz\git\petulant-octo-dubstep\hp_id_print_app\classes\popuplayer\ccscale9sprite.h(19): warning C4996: 'cocos2d::CCSprite': was declared deprecated (..\Classes\HelloWorldScene.cpp)
                 c:\users\yangboz\git\petulant-octo-dubstep\hp_id_print_app\cocos2d\cocos\deprecated\ccdeprecated.h(678) : see declaration of 'cocos2d::CCSprite'
     1>c:\users\yangboz\git\petulant-octo-dubstep\hp_id_print_app\classes\popuplayer\ccscale9sprite.h(20): warning C4996: 'cocos2d::CCSprite': was declared deprecated (..\Classes\HelloWorldScene.cpp)
                 c:\users\yangboz\git\petulant-octo-dubstep\hp_id_print_app\cocos2d\cocos\deprecated\ccdeprecated.h(678) : see declaration of 'cocos2d::CCSprite'
     1>c:\users\yangboz\git\petulant-octo-dubstep\hp_id_print_app\classes\popuplayer\ccscale9sprite.h(21): warning C4996: 'cocos2d::CCSprite': was declared deprecated (..\Classes\HelloWorldScene.cpp)
                 c:\users\yangboz\git\petulant-octo-dubstep\hp_id_print_app\cocos2d\cocos\deprecated\ccdeprecated.h(678) : see declaration of 'cocos2d::CCSprite'
     1>c:\users\yangboz\git\petulant-octo-dubstep\hp_id_print_app\classes\popuplayer\ccscale9sprite.h(22): warning C4996: 'cocos2d::CCSprite': was declared deprecated (..\Classes\HelloWorldScene.cpp)
                 c:\users\yangboz\git\petulant-octo-dubstep\hp_id_print_app\cocos2d\cocos\deprecated\ccdeprecated.h(678) : see declaration of 'cocos2d::CCSprite'
     1>c:\users\yangboz\git\petulant-octo-dubstep\hp_id_print_app\classes\popuplayer\ccscale9sprite.h(23): warning C4996: 'cocos2d::CCSprite': was declared deprecated (..\Classes\HelloWorldScene.cpp)
                 c:\users\yangboz\git\petulant-octo-dubstep\hp_id_print_app\cocos2d\cocos\deprecated\ccdeprecated.h(678) : see declaration of 'cocos2d::CCSprite'
     1>c:\users\yangboz\git\petulant-octo-dubstep\hp_id_print_app\classes\popuplayer\ccscale9sprite.h(24): warning C4996: 'cocos2d::CCSize': was declared deprecated (..\Classes\HelloWorldScene.cpp)
                 c:\users\yangboz\git\petulant-octo-dubstep\hp_id_print_app\cocos2d\cocos\deprecated\ccdeprecated.h(773) : see declaration of 'cocos2d::CCSize'
     1>c:\users\yangboz\git\petulant-octo-dubstep\hp_id_print_app\classes\popuplayer\ccscale9sprite.h(25): warning C4996: 'cocos2d::CCRect': was declared deprecated (..\Classes\HelloWorldScene.cpp)
                 c:\users\yangboz\git\petulant-octo-dubstep\hp_id_print_app\cocos2d\cocos\deprecated\ccdeprecated.h(774) : see declaration of 'cocos2d::CCRect'
     1>c:\users\yangboz\git\petulant-octo-dubstep\hp_id_print_app\classes\popuplayer\ccscale9sprite.h(30): warning C4996: 'cocos2d::ccColor3B': was declared deprecated (..\Classes\HelloWorldScene.cpp)
                 c:\users\yangboz\git\petulant-octo-dubstep\hp_id_print_app\cocos2d\cocos\deprecated\ccdeprecated.h(775) : see declaration of 'cocos2d::ccColor3B'
                 c:\users\yangboz\git\petulant-octo-dubstep\hp_id_print_app\cocos2d\cocos\deprecated\ccdeprecated.h(775) : see declaration of 'cocos2d::ccColor3B'
                 c:\users\yangboz\git\petulant-octo-dubstep\hp_id_print_app\cocos2d\cocos\deprecated\ccdeprecated.h(775) : see declaration of 'cocos2d::ccColor3B'
     1>c:\users\yangboz\git\petulant-octo-dubstep\hp_id_print_app\classes\popuplayer\ccscale9sprite.h(33): warning C4996: 'cocos2d::CCRect': was declared deprecated (..\Classes\HelloWorldScene.cpp)
                 c:\users\yangboz\git\petulant-octo-dubstep\hp_id_print_app\cocos2d\cocos\deprecated\ccdeprecated.h(774) : see declaration of 'cocos2d::CCRect'
     1>c:\users\yangboz\git\petulant-octo-dubstep\hp_id_print_app\classes\popuplayer\ccscale9sprite.h(34): warning C4996: 'cocos2d::CCRect': was declared deprecated (..\Classes\HelloWorldScene.cpp)
                 c:\users\yangboz\git\petulant-octo-dubstep\hp_id_print_app\cocos2d\cocos\deprecated\ccdeprecated.h(774) : see declaration of 'cocos2d::CCRect'
                 c:\users\yangboz\git\petulant-octo-dubstep\hp_id_print_app\cocos2d\cocos\deprecated\ccdeprecated.h(774) : see declaration of 'cocos2d::CCRect'
     1>c:\users\yangboz\git\petulant-octo-dubstep\hp_id_print_app\classes\popuplayer\ccscale9sprite.h(36): warning C4996: 'cocos2d::CCSize': was declared deprecated (..\Classes\HelloWorldScene.cpp)
                 c:\users\yangboz\git\petulant-octo-dubstep\hp_id_print_app\cocos2d\cocos\deprecated\ccdeprecated.h(773) : see declaration of 'cocos2d::CCSize'
     1>c:\users\yangboz\git\petulant-octo-dubstep\hp_id_print_app\classes\popuplayer\ccscale9sprite.h(37): warning C4996: 'cocos2d::CCRGBAProtocol': was declared deprecated (..\Classes\HelloWorldScene.cpp)
                 c:\users\yangboz\git\petulant-octo-dubstep\hp_id_print_app\cocos2d\cocos\deprecated\ccdeprecated.h(567) : see declaration of 'cocos2d::CCRGBAProtocol'
     1>c:\users\yangboz\git\petulant-octo-dubstep\hp_id_print_app\classes\popuplayer\ccscale9sprite.h(37): warning C4996: 'cocos2d::CCSpriteBatchNode': was declared deprecated (..\Classes\HelloWorldScene.cpp)
                 c:\users\yangboz\git\petulant-octo-dubstep\hp_id_print_app\cocos2d\cocos\deprecated\ccdeprecated.h(680) : see declaration of 'cocos2d::CCSpriteBatchNode'
     1>c:\users\yangboz\git\petulant-octo-dubstep\hp_id_print_app\classes\popuplayer\ccscale9sprite.h(37): warning C4996: 'cocos2d::CCSprite': was declared deprecated (..\Classes\HelloWorldScene.cpp)
                 c:\users\yangboz\git\petulant-octo-dubstep\hp_id_print_app\cocos2d\cocos\deprecated\ccdeprecated.h(678) : see declaration of 'cocos2d::CCSprite'
     1>c:\users\yangboz\git\petulant-octo-dubstep\hp_id_print_app\classes\popuplayer\ccscale9sprite.h(37): warning C4996: 'cocos2d::CCSize': was declared deprecated (..\Classes\HelloWorldScene.cpp)
                 c:\users\yangboz\git\petulant-octo-dubstep\hp_id_print_app\cocos2d\cocos\deprecated\ccdeprecated.h(773) : see declaration of 'cocos2d::CCSize'
     1>c:\users\yangboz\git\petulant-octo-dubstep\hp_id_print_app\classes\popuplayer\ccscale9sprite.h(37): warning C4996: 'cocos2d::CCRect': was declared deprecated (..\Classes\HelloWorldScene.cpp)
                 c:\users\yangboz\git\petulant-octo-dubstep\hp_id_print_app\cocos2d\cocos\deprecated\ccdeprecated.h(774) : see declaration of 'cocos2d::CCRect'
     1>c:\users\yangboz\git\petulant-octo-dubstep\hp_id_print_app\classes\popuplayer\ccscale9sprite.h(37): warning C4996: 'cocos2d::ccColor3B': was declared deprecated (..\Classes\HelloWorldScene.cpp)
                 c:\users\yangboz\git\petulant-octo-dubstep\hp_id_print_app\cocos2d\cocos\deprecated\ccdeprecated.h(775) : see declaration of 'cocos2d::ccColor3B'
                 c:\users\yangboz\git\petulant-octo-dubstep\hp_id_print_app\cocos2d\cocos\deprecated\ccdeprecated.h(567) : see declaration of 'cocos2d::CCRGBAProtocol'
                 c:\users\yangboz\git\petulant-octo-dubstep\hp_id_print_app\cocos2d\cocos\deprecated\ccdeprecated.h(567) : see declaration of 'cocos2d::CCRGBAProtocol'
     1>c:\users\yangboz\git\petulant-octo-dubstep\hp_id_print_app\classes\popuplayer\popuplayer.h(20): warning C4996: 'cocos2d::CCLayer': was declared deprecated (..\Classes\HelloWorldScene.cpp)
                 c:\users\yangboz\git\petulant-octo-dubstep\hp_id_print_app\cocos2d\cocos\deprecated\ccdeprecated.h(682) : see declaration of 'cocos2d::CCLayer'
     1>c:\users\yangboz\git\petulant-octo-dubstep\hp_id_print_app\classes\popuplayer\popuplayer.h(36): warning C4996: 'cocos2d::CCObject': was declared deprecated (..\Classes\HelloWorldScene.cpp)
                 c:\users\yangboz\git\petulant-octo-dubstep\hp_id_print_app\cocos2d\cocos\deprecated\ccdeprecated.h(536) : see declaration of 'cocos2d::CCObject'
     1>c:\users\yangboz\git\petulant-octo-dubstep\hp_id_print_app\classes\popuplayer\popuplayer.h(44): warning C4996: 'cocos2d::CCObject': was declared deprecated (..\Classes\HelloWorldScene.cpp)
                 c:\users\yangboz\git\petulant-octo-dubstep\hp_id_print_app\cocos2d\cocos\deprecated\ccdeprecated.h(536) : see declaration of 'cocos2d::CCObject'
     1>c:\users\yangboz\git\petulant-octo-dubstep\hp_id_print_app\classes\popuplayer\popuplayer.h(50): warning C4996: 'cocos2d::CCObject': was declared deprecated (..\Classes\HelloWorldScene.cpp)
                 c:\users\yangboz\git\petulant-octo-dubstep\hp_id_print_app\cocos2d\cocos\deprecated\ccdeprecated.h(536) : see declaration of 'cocos2d::CCObject'
     1>c:\users\yangboz\git\petulant-octo-dubstep\hp_id_print_app\classes\popuplayer\popuplayer.h(53): warning C4996: 'cocos2d::CCMenu': was declared deprecated (..\Classes\HelloWorldScene.cpp)
                 c:\users\yangboz\git\petulant-octo-dubstep\hp_id_print_app\cocos2d\cocos\deprecated\ccdeprecated.h(733) : see declaration of 'cocos2d::CCMenu'
                 c:\users\yangboz\git\petulant-octo-dubstep\hp_id_print_app\cocos2d\cocos\deprecated\ccdeprecated.h(733) : see declaration of 'cocos2d::CCMenu'
                 c:\users\yangboz\git\petulant-octo-dubstep\hp_id_print_app\cocos2d\cocos\deprecated\ccdeprecated.h(733) : see declaration of 'cocos2d::CCMenu'
     1>c:\users\yangboz\git\petulant-octo-dubstep\hp_id_print_app\classes\popuplayer\popuplayer.h(54): warning C4996: 'cocos2d::CCSprite': was declared deprecated (..\Classes\HelloWorldScene.cpp)
                 c:\users\yangboz\git\petulant-octo-dubstep\hp_id_print_app\cocos2d\cocos\deprecated\ccdeprecated.h(678) : see declaration of 'cocos2d::CCSprite'
                 c:\users\yangboz\git\petulant-octo-dubstep\hp_id_print_app\cocos2d\cocos\deprecated\ccdeprecated.h(678) : see declaration of 'cocos2d::CCSprite'
                 c:\users\yangboz\git\petulant-octo-dubstep\hp_id_print_app\cocos2d\cocos\deprecated\ccdeprecated.h(678) : see declaration of 'cocos2d::CCSprite'
     1>c:\users\yangboz\git\petulant-octo-dubstep\hp_id_print_app\classes\popuplayer\popuplayer.h(56): warning C4996: 'cocos2d::LabelTTF': was declared deprecated (..\Classes\HelloWorldScene.cpp)
                 c:\users\yangboz\git\petulant-octo-dubstep\hp_id_print_app\cocos2d\cocos\2d\cclabelttf.h(59) : see declaration of 'cocos2d::LabelTTF'
                 c:\users\yangboz\git\petulant-octo-dubstep\hp_id_print_app\cocos2d\cocos\2d\cclabelttf.h(59) : see declaration of 'cocos2d::LabelTTF'
                 c:\users\yangboz\git\petulant-octo-dubstep\hp_id_print_app\cocos2d\cocos\2d\cclabelttf.h(59) : see declaration of 'cocos2d::LabelTTF'
     1>c:\users\yangboz\git\petulant-octo-dubstep\hp_id_print_app\classes\popuplayer\popuplayer.h(57): warning C4996: 'cocos2d::LabelTTF': was declared deprecated (..\Classes\HelloWorldScene.cpp)
                 c:\users\yangboz\git\petulant-octo-dubstep\hp_id_print_app\cocos2d\cocos\2d\cclabelttf.h(59) : see declaration of 'cocos2d::LabelTTF'
                 c:\users\yangboz\git\petulant-octo-dubstep\hp_id_print_app\cocos2d\cocos\2d\cclabelttf.h(59) : see declaration of 'cocos2d::LabelTTF'
                 c:\users\yangboz\git\petulant-octo-dubstep\hp_id_print_app\cocos2d\cocos\2d\cclabelttf.h(59) : see declaration of 'cocos2d::LabelTTF'
     1>c:\users\yangboz\git\petulant-octo-dubstep\hp_id_print_app\classes\popuplayer\popuplayer.h(26): warning C4996: 'cocos2d::CCObject': was declared deprecated (..\Classes\HelloWorldScene.cpp)
                 c:\users\yangboz\git\petulant-octo-dubstep\hp_id_print_app\cocos2d\cocos\deprecated\ccdeprecated.h(536) : see declaration of 'cocos2d::CCObject'
     1>c:\users\yangboz\git\petulant-octo-dubstep\hp_id_print_app\classes\popuplayer\popuplayer.h(26): warning C4996: 'cocos2d::CCMenu': was declared deprecated (..\Classes\HelloWorldScene.cpp)
                 c:\users\yangboz\git\petulant-octo-dubstep\hp_id_print_app\cocos2d\cocos\deprecated\ccdeprecated.h(733) : see declaration of 'cocos2d::CCMenu'
                 c:\users\yangboz\git\petulant-octo-dubstep\hp_id_print_app\cocos2d\cocos\deprecated\ccdeprecated.h(733) : see declaration of 'cocos2d::CCMenu'
                 c:\users\yangboz\git\petulant-octo-dubstep\hp_id_print_app\cocos2d\cocos\deprecated\ccdeprecated.h(678) : see declaration of 'cocos2d::CCSprite'
     1>c:\users\yangboz\git\petulant-octo-dubstep\hp_id_print_app\classes\helloworldscene.h(58): warning C4996: 'cocos2d::Object': was declared deprecated (..\Classes\HelloWorldScene.cpp)
                 c:\users\yangboz\git\petulant-octo-dubstep\hp_id_print_app\cocos2d\cocos\deprecated\ccdeprecated.h(537) : see declaration of 'cocos2d::Object'
     1>c:\users\yangboz\git\petulant-octo-dubstep\hp_id_print_app\classes\helloworldscene.h(59): warning C4996: 'cocos2d::Object': was declared deprecated (..\Classes\HelloWorldScene.cpp)
                 c:\users\yangboz\git\petulant-octo-dubstep\hp_id_print_app\cocos2d\cocos\deprecated\ccdeprecated.h(537) : see declaration of 'cocos2d::Object'
     1>c:\users\yangboz\git\petulant-octo-dubstep\hp_id_print_app\classes\helloworldscene.h(60): warning C4996: 'cocos2d::Object': was declared deprecated (..\Classes\HelloWorldScene.cpp)
                 c:\users\yangboz\git\petulant-octo-dubstep\hp_id_print_app\cocos2d\cocos\deprecated\ccdeprecated.h(537) : see declaration of 'cocos2d::Object'
     1>c:\users\yangboz\git\petulant-octo-dubstep\hp_id_print_app\classes\helloworldscene.h(61): warning C4996: 'cocos2d::Object': was declared deprecated (..\Classes\HelloWorldScene.cpp)
                 c:\users\yangboz\git\petulant-octo-dubstep\hp_id_print_app\cocos2d\cocos\deprecated\ccdeprecated.h(537) : see declaration of 'cocos2d::Object'
     1>c:\users\yangboz\git\petulant-octo-dubstep\hp_id_print_app\classes\helloworldscene.h(63): warning C4996: 'cocos2d::Object': was declared deprecated (..\Classes\HelloWorldScene.cpp)
                 c:\users\yangboz\git\petulant-octo-dubstep\hp_id_print_app\cocos2d\cocos\deprecated\ccdeprecated.h(537) : see declaration of 'cocos2d::Object'
     1>c:\users\yangboz\git\petulant-octo-dubstep\hp_id_print_app\classes\helloworldscene.h(64): warning C4996: 'cocos2d::Object': was declared deprecated (..\Classes\HelloWorldScene.cpp)
                 c:\users\yangboz\git\petulant-octo-dubstep\hp_id_print_app\cocos2d\cocos\deprecated\ccdeprecated.h(537) : see declaration of 'cocos2d::Object'
     1>c:\users\yangboz\git\petulant-octo-dubstep\hp_id_print_app\classes\helloworldscene.h(65): warning C4996: 'cocos2d::Object': was declared deprecated (..\Classes\HelloWorldScene.cpp)
                 c:\users\yangboz\git\petulant-octo-dubstep\hp_id_print_app\cocos2d\cocos\deprecated\ccdeprecated.h(537) : see declaration of 'cocos2d::Object'
     1>c:\users\yangboz\git\petulant-octo-dubstep\hp_id_print_app\classes\helloworldscene.h(66): warning C4996: 'cocos2d::Object': was declared deprecated (..\Classes\HelloWorldScene.cpp)
                 c:\users\yangboz\git\petulant-octo-dubstep\hp_id_print_app\cocos2d\cocos\deprecated\ccdeprecated.h(537) : see declaration of 'cocos2d::Object'
     1>c:\users\yangboz\git\petulant-octo-dubstep\hp_id_print_app\classes\helloworldscene.h(67): warning C4996: 'cocos2d::Object': was declared deprecated (..\Classes\HelloWorldScene.cpp)
                 c:\users\yangboz\git\petulant-octo-dubstep\hp_id_print_app\cocos2d\cocos\deprecated\ccdeprecated.h(537) : see declaration of 'cocos2d::Object'
     1>c:\users\yangboz\git\petulant-octo-dubstep\hp_id_print_app\classes\helloworldscene.h(69): warning C4996: 'cocos2d::Object': was declared deprecated (..\Classes\HelloWorldScene.cpp)
                 c:\users\yangboz\git\petulant-octo-dubstep\hp_id_print_app\cocos2d\cocos\deprecated\ccdeprecated.h(537) : see declaration of 'cocos2d::Object'
     1>c:\users\yangboz\git\petulant-octo-dubstep\hp_id_print_app\classes\helloworldscene.h(70): warning C4996: 'cocos2d::Object': was declared deprecated (..\Classes\HelloWorldScene.cpp)
                 c:\users\yangboz\git\petulant-octo-dubstep\hp_id_print_app\cocos2d\cocos\deprecated\ccdeprecated.h(537) : see declaration of 'cocos2d::Object'
     1>c:\users\yangboz\git\petulant-octo-dubstep\hp_id_print_app\classes\helloworldscene.h(73): warning C4996: 'cocos2d::Object': was declared deprecated (..\Classes\HelloWorldScene.cpp)
                 c:\users\yangboz\git\petulant-octo-dubstep\hp_id_print_app\cocos2d\cocos\deprecated\ccdeprecated.h(537) : see declaration of 'cocos2d::Object'
     1>c:\users\yangboz\git\petulant-octo-dubstep\hp_id_print_app\classes\helloworldscene.h(74): warning C4996: 'cocos2d::Object': was declared deprecated (..\Classes\HelloWorldScene.cpp)
                 c:\users\yangboz\git\petulant-octo-dubstep\hp_id_print_app\cocos2d\cocos\deprecated\ccdeprecated.h(537) : see declaration of 'cocos2d::Object'
     1>c:\users\yangboz\git\petulant-octo-dubstep\hp_id_print_app\classes\helloworldscene.h(76): warning C4996: 'cocos2d::Object': was declared deprecated (..\Classes\HelloWorldScene.cpp)
                 c:\users\yangboz\git\petulant-octo-dubstep\hp_id_print_app\cocos2d\cocos\deprecated\ccdeprecated.h(537) : see declaration of 'cocos2d::Object'
     1>c:\users\yangboz\git\petulant-octo-dubstep\hp_id_print_app\classes\helloworldscene.h(77): warning C4996: 'cocos2d::Object': was declared deprecated (..\Classes\HelloWorldScene.cpp)
                 c:\users\yangboz\git\petulant-octo-dubstep\hp_id_print_app\cocos2d\cocos\deprecated\ccdeprecated.h(537) : see declaration of 'cocos2d::Object'
     1>c:\users\yangboz\git\petulant-octo-dubstep\hp_id_print_app\classes\helloworldscene.h(78): warning C4996: 'cocos2d::Object': was declared deprecated (..\Classes\HelloWorldScene.cpp)
                 c:\users\yangboz\git\petulant-octo-dubstep\hp_id_print_app\cocos2d\cocos\deprecated\ccdeprecated.h(537) : see declaration of 'cocos2d::Object'
     1>c:\users\yangboz\git\petulant-octo-dubstep\hp_id_print_app\classes\helloworldscene.h(80): warning C4996: 'cocos2d::Object': was declared deprecated (..\Classes\HelloWorldScene.cpp)
                 c:\users\yangboz\git\petulant-octo-dubstep\hp_id_print_app\cocos2d\cocos\deprecated\ccdeprecated.h(537) : see declaration of 'cocos2d::Object'
     1>c:\users\yangboz\git\petulant-octo-dubstep\hp_id_print_app\classes\helloworldscene.h(81): warning C4996: 'cocos2d::Object': was declared deprecated (..\Classes\HelloWorldScene.cpp)
                 c:\users\yangboz\git\petulant-octo-dubstep\hp_id_print_app\cocos2d\cocos\deprecated\ccdeprecated.h(537) : see declaration of 'cocos2d::Object'
     1>c:\users\yangboz\git\petulant-octo-dubstep\hp_id_print_app\classes\helloworldscene.h(82): warning C4996: 'cocos2d::Object': was declared deprecated (..\Classes\HelloWorldScene.cpp)
                 c:\users\yangboz\git\petulant-octo-dubstep\hp_id_print_app\cocos2d\cocos\deprecated\ccdeprecated.h(537) : see declaration of 'cocos2d::Object'
     1>c:\users\yangboz\git\petulant-octo-dubstep\hp_id_print_app\classes\helloworldscene.h(83): warning C4996: 'cocos2d::Object': was declared deprecated (..\Classes\HelloWorldScene.cpp)
                 c:\users\yangboz\git\petulant-octo-dubstep\hp_id_print_app\cocos2d\cocos\deprecated\ccdeprecated.h(537) : see declaration of 'cocos2d::Object'
     1>c:\users\yangboz\git\petulant-octo-dubstep\hp_id_print_app\classes\helloworldscene.h(85): warning C4996: 'cocos2d::Object': was declared deprecated (..\Classes\HelloWorldScene.cpp)
                 c:\users\yangboz\git\petulant-octo-dubstep\hp_id_print_app\cocos2d\cocos\deprecated\ccdeprecated.h(537) : see declaration of 'cocos2d::Object'
     1>c:\users\yangboz\git\petulant-octo-dubstep\hp_id_print_app\classes\helloworldscene.h(86): warning C4996: 'cocos2d::Object': was declared deprecated (..\Classes\HelloWorldScene.cpp)
                 c:\users\yangboz\git\petulant-octo-dubstep\hp_id_print_app\cocos2d\cocos\deprecated\ccdeprecated.h(537) : see declaration of 'cocos2d::Object'
     1>c:\users\yangboz\git\petulant-octo-dubstep\hp_id_print_app\classes\helloworldscene.h(87): warning C4996: 'cocos2d::Object': was declared deprecated (..\Classes\HelloWorldScene.cpp)
                 c:\users\yangboz\git\petulant-octo-dubstep\hp_id_print_app\cocos2d\cocos\deprecated\ccdeprecated.h(537) : see declaration of 'cocos2d::Object'
     1>c:\users\yangboz\git\petulant-octo-dubstep\hp_id_print_app\classes\helloworldscene.h(88): warning C4996: 'cocos2d::Object': was declared deprecated (..\Classes\HelloWorldScene.cpp)
                 c:\users\yangboz\git\petulant-octo-dubstep\hp_id_print_app\cocos2d\cocos\deprecated\ccdeprecated.h(537) : see declaration of 'cocos2d::Object'
     1>c:\users\yangboz\git\petulant-octo-dubstep\hp_id_print_app\classes\helloworldscene.h(89): warning C4996: 'cocos2d::Object': was declared deprecated (..\Classes\HelloWorldScene.cpp)
                 c:\users\yangboz\git\petulant-octo-dubstep\hp_id_print_app\cocos2d\cocos\deprecated\ccdeprecated.h(537) : see declaration of 'cocos2d::Object'
     1>c:\users\yangboz\git\petulant-octo-dubstep\hp_id_print_app\classes\helloworldscene.h(90): warning C4996: 'cocos2d::Object': was declared deprecated (..\Classes\HelloWorldScene.cpp)
                 c:\users\yangboz\git\petulant-octo-dubstep\hp_id_print_app\cocos2d\cocos\deprecated\ccdeprecated.h(537) : see declaration of 'cocos2d::Object'
     1>c:\users\yangboz\git\petulant-octo-dubstep\hp_id_print_app\classes\helloworldscene.h(92): warning C4996: 'cocos2d::Object': was declared deprecated (..\Classes\HelloWorldScene.cpp)
                 c:\users\yangboz\git\petulant-octo-dubstep\hp_id_print_app\cocos2d\cocos\deprecated\ccdeprecated.h(537) : see declaration of 'cocos2d::Object'
     1>c:\users\yangboz\git\petulant-octo-dubstep\hp_id_print_app\classes\helloworldscene.h(93): warning C4996: 'cocos2d::Object': was declared deprecated (..\Classes\HelloWorldScene.cpp)
                 c:\users\yangboz\git\petulant-octo-dubstep\hp_id_print_app\cocos2d\cocos\deprecated\ccdeprecated.h(537) : see declaration of 'cocos2d::Object'
     1>c:\users\yangboz\git\petulant-octo-dubstep\hp_id_print_app\classes\helloworldscene.h(95): warning C4996: 'cocos2d::Object': was declared deprecated (..\Classes\HelloWorldScene.cpp)
                 c:\users\yangboz\git\petulant-octo-dubstep\hp_id_print_app\cocos2d\cocos\deprecated\ccdeprecated.h(537) : see declaration of 'cocos2d::Object'
     1>c:\users\yangboz\git\petulant-octo-dubstep\hp_id_print_app\classes\helloworldscene.h(95): warning C4996: 'cocos2d::CCPoint': was declared deprecated (..\Classes\HelloWorldScene.cpp)
                 c:\users\yangboz\git\petulant-octo-dubstep\hp_id_print_app\cocos2d\cocos\deprecated\ccdeprecated.h(772) : see declaration of 'cocos2d::CCPoint'
     1>c:\users\yangboz\git\petulant-octo-dubstep\hp_id_print_app\classes\helloworldscene.cpp(202): warning C4996: 'cocos2d::Object': was declared deprecated
                 c:\users\yangboz\git\petulant-octo-dubstep\hp_id_print_app\cocos2d\cocos\deprecated\ccdeprecated.h(537) : see declaration of 'cocos2d::Object'
     1>c:\users\yangboz\git\petulant-octo-dubstep\hp_id_print_app\classes\helloworldscene.cpp(221): warning C4996: 'cocos2d::CCNode': was declared deprecated
                 c:\users\yangboz\git\petulant-octo-dubstep\hp_id_print_app\cocos2d\cocos\deprecated\ccdeprecated.h(565) : see declaration of 'cocos2d::CCNode'
     1>c:\users\yangboz\git\petulant-octo-dubstep\hp_id_print_app\classes\helloworldscene.cpp(224): warning C4996: 'cocos2d::Object': was declared deprecated
                 c:\users\yangboz\git\petulant-octo-dubstep\hp_id_print_app\cocos2d\cocos\deprecated\ccdeprecated.h(537) : see declaration of 'cocos2d::Object'
     1>c:\users\yangboz\git\petulant-octo-dubstep\hp_id_print_app\classes\helloworldscene.cpp(239): warning C4996: 'cocos2d::Object': was declared deprecated
                 c:\users\yangboz\git\petulant-octo-dubstep\hp_id_print_app\cocos2d\cocos\deprecated\ccdeprecated.h(537) : see declaration of 'cocos2d::Object'
     1>c:\users\yangboz\git\petulant-octo-dubstep\hp_id_print_app\classes\helloworldscene.cpp(254): warning C4996: 'cocos2d::Object': was declared deprecated
                 c:\users\yangboz\git\petulant-octo-dubstep\hp_id_print_app\cocos2d\cocos\deprecated\ccdeprecated.h(537) : see declaration of 'cocos2d::Object'
     1>c:\users\yangboz\git\petulant-octo-dubstep\hp_id_print_app\classes\helloworldscene.cpp(257): warning C4101: 'image' : unreferenced local variable
     1>c:\users\yangboz\git\petulant-octo-dubstep\hp_id_print_app\classes\helloworldscene.cpp(294): warning C4996: 'cocos2d::Object': was declared deprecated
                 c:\users\yangboz\git\petulant-octo-dubstep\hp_id_print_app\cocos2d\cocos\deprecated\ccdeprecated.h(537) : see declaration of 'cocos2d::Object'
     1>c:\users\yangboz\git\petulant-octo-dubstep\hp_id_print_app\classes\helloworldscene.cpp(311): warning C4996: 'cocos2d::Object': was declared deprecated
                 c:\users\yangboz\git\petulant-octo-dubstep\hp_id_print_app\cocos2d\cocos\deprecated\ccdeprecated.h(537) : see declaration of 'cocos2d::Object'
     1>c:\users\yangboz\git\petulant-octo-dubstep\hp_id_print_app\classes\helloworldscene.cpp(328): warning C4996: 'cocos2d::Object': was declared deprecated
                 c:\users\yangboz\git\petulant-octo-dubstep\hp_id_print_app\cocos2d\cocos\deprecated\ccdeprecated.h(537) : see declaration of 'cocos2d::Object'
     1>c:\users\yangboz\git\petulant-octo-dubstep\hp_id_print_app\classes\helloworldscene.cpp(345): warning C4996: 'cocos2d::Object': was declared deprecated
                 c:\users\yangboz\git\petulant-octo-dubstep\hp_id_print_app\cocos2d\cocos\deprecated\ccdeprecated.h(537) : see declaration of 'cocos2d::Object'
     1>c:\users\yangboz\git\petulant-octo-dubstep\hp_id_print_app\classes\helloworldscene.cpp(382): warning C4996: 'cocos2d::Object': was declared deprecated
                 c:\users\yangboz\git\petulant-octo-dubstep\hp_id_print_app\cocos2d\cocos\deprecated\ccdeprecated.h(537) : see declaration of 'cocos2d::Object'
     1>c:\users\yangboz\git\petulant-octo-dubstep\hp_id_print_app\classes\helloworldscene.cpp(397): warning C4996: 'cocos2d::CCSize': was declared deprecated
                 c:\users\yangboz\git\petulant-octo-dubstep\hp_id_print_app\cocos2d\cocos\deprecated\ccdeprecated.h(773) : see declaration of 'cocos2d::CCSize'
     1>c:\users\yangboz\git\petulant-octo-dubstep\hp_id_print_app\classes\helloworldscene.cpp(412): warning C4996: 'cocos2d::Object': was declared deprecated
                 c:\users\yangboz\git\petulant-octo-dubstep\hp_id_print_app\cocos2d\cocos\deprecated\ccdeprecated.h(537) : see declaration of 'cocos2d::Object'
     1>c:\users\yangboz\git\petulant-octo-dubstep\hp_id_print_app\classes\helloworldscene.cpp(437): warning C4996: 'cocos2d::CCPointMake': was declared deprecated
                 c:\users\yangboz\git\petulant-octo-dubstep\hp_id_print_app\cocos2d\cocos\deprecated\ccdeprecated.h(378) : see declaration of 'cocos2d::CCPointMake'
     1>c:\users\yangboz\git\petulant-octo-dubstep\hp_id_print_app\classes\helloworldscene.cpp(438): warning C4996: 'cocos2d::TMXTiledMap::layerNamed': was declared deprecated
                 c:\users\yangboz\git\petulant-octo-dubstep\hp_id_print_app\cocos2d\cocos\2d\cctmxtiledmap.h(126) : see declaration of 'cocos2d::TMXTiledMap::layerNamed'
     1>c:\users\yangboz\git\petulant-octo-dubstep\hp_id_print_app\classes\helloworldscene.cpp(446): warning C4996: 'cocos2d::Object': was declared deprecated
                 c:\users\yangboz\git\petulant-octo-dubstep\hp_id_print_app\cocos2d\cocos\deprecated\ccdeprecated.h(537) : see declaration of 'cocos2d::Object'
     1>c:\users\yangboz\git\petulant-octo-dubstep\hp_id_print_app\classes\helloworldscene.cpp(466): warning C4996: 'cocos2d::Object': was declared deprecated
                 c:\users\yangboz\git\petulant-octo-dubstep\hp_id_print_app\cocos2d\cocos\deprecated\ccdeprecated.h(537) : see declaration of 'cocos2d::Object'
     1>c:\users\yangboz\git\petulant-octo-dubstep\hp_id_print_app\classes\helloworldscene.cpp(484): warning C4996: 'cocos2d::Object': was declared deprecated
                 c:\users\yangboz\git\petulant-octo-dubstep\hp_id_print_app\cocos2d\cocos\deprecated\ccdeprecated.h(537) : see declaration of 'cocos2d::Object'
     1>c:\users\yangboz\git\petulant-octo-dubstep\hp_id_print_app\classes\helloworldscene.cpp(505): warning C4996: 'cocos2d::Object': was declared deprecated
                 c:\users\yangboz\git\petulant-octo-dubstep\hp_id_print_app\cocos2d\cocos\deprecated\ccdeprecated.h(537) : see declaration of 'cocos2d::Object'
     1>c:\users\yangboz\git\petulant-octo-dubstep\hp_id_print_app\classes\helloworldscene.cpp(528): warning C4996: 'cocos2d::Object': was declared deprecated
                 c:\users\yangboz\git\petulant-octo-dubstep\hp_id_print_app\cocos2d\cocos\deprecated\ccdeprecated.h(537) : see declaration of 'cocos2d::Object'
     1>c:\users\yangboz\git\petulant-octo-dubstep\hp_id_print_app\classes\helloworldscene.cpp(541): warning C4996: 'cocos2d::Object': was declared deprecated
                 c:\users\yangboz\git\petulant-octo-dubstep\hp_id_print_app\cocos2d\cocos\deprecated\ccdeprecated.h(537) : see declaration of 'cocos2d::Object'
     1>c:\users\yangboz\git\petulant-octo-dubstep\hp_id_print_app\classes\helloworldscene.cpp(554): warning C4996: 'cocos2d::Object': was declared deprecated
                 c:\users\yangboz\git\petulant-octo-dubstep\hp_id_print_app\cocos2d\cocos\deprecated\ccdeprecated.h(537) : see declaration of 'cocos2d::Object'
     1>c:\users\yangboz\git\petulant-octo-dubstep\hp_id_print_app\classes\helloworldscene.cpp(569): warning C4996: 'cocos2d::Object': was declared deprecated
                 c:\users\yangboz\git\petulant-octo-dubstep\hp_id_print_app\cocos2d\cocos\deprecated\ccdeprecated.h(537) : see declaration of 'cocos2d::Object'
     1>c:\users\yangboz\git\petulant-octo-dubstep\hp_id_print_app\classes\helloworldscene.cpp(584): warning C4996: 'cocos2d::Object': was declared deprecated
                 c:\users\yangboz\git\petulant-octo-dubstep\hp_id_print_app\cocos2d\cocos\deprecated\ccdeprecated.h(537) : see declaration of 'cocos2d::Object'
     1>c:\users\yangboz\git\petulant-octo-dubstep\hp_id_print_app\classes\helloworldscene.cpp(605): warning C4996: 'cocos2d::Object': was declared deprecated
                 c:\users\yangboz\git\petulant-octo-dubstep\hp_id_print_app\cocos2d\cocos\deprecated\ccdeprecated.h(537) : see declaration of 'cocos2d::Object'
     1>c:\users\yangboz\git\petulant-octo-dubstep\hp_id_print_app\classes\helloworldscene.cpp(627): warning C4996: 'cocos2d::Object': was declared deprecated
                 c:\users\yangboz\git\petulant-octo-dubstep\hp_id_print_app\cocos2d\cocos\deprecated\ccdeprecated.h(537) : see declaration of 'cocos2d::Object'
     1>c:\users\yangboz\git\petulant-octo-dubstep\hp_id_print_app\classes\helloworldscene.cpp(645): warning C4996: 'cocos2d::Object': was declared deprecated
                 c:\users\yangboz\git\petulant-octo-dubstep\hp_id_print_app\cocos2d\cocos\deprecated\ccdeprecated.h(537) : see declaration of 'cocos2d::Object'
     1>c:\users\yangboz\git\petulant-octo-dubstep\hp_id_print_app\classes\helloworldscene.cpp(662): warning C4996: 'cocos2d::Object': was declared deprecated
                 c:\users\yangboz\git\petulant-octo-dubstep\hp_id_print_app\cocos2d\cocos\deprecated\ccdeprecated.h(537) : see declaration of 'cocos2d::Object'
     1>c:\users\yangboz\git\petulant-octo-dubstep\hp_id_print_app\classes\helloworldscene.cpp(678): warning C4996: 'cocos2d::Object': was declared deprecated
                 c:\users\yangboz\git\petulant-octo-dubstep\hp_id_print_app\cocos2d\cocos\deprecated\ccdeprecated.h(537) : see declaration of 'cocos2d::Object'
     1>c:\users\yangboz\git\petulant-octo-dubstep\hp_id_print_app\classes\helloworldscene.cpp(722): warning C4996: 'cocos2d::Object': was declared deprecated
                 c:\users\yangboz\git\petulant-octo-dubstep\hp_id_print_app\cocos2d\cocos\deprecated\ccdeprecated.h(537) : see declaration of 'cocos2d::Object'
     1>c:\users\yangboz\git\petulant-octo-dubstep\hp_id_print_app\classes\helloworldscene.cpp(736): warning C4996: 'cocos2d::CCPoint': was declared deprecated
                 c:\users\yangboz\git\petulant-octo-dubstep\hp_id_print_app\cocos2d\cocos\deprecated\ccdeprecated.h(772) : see declaration of 'cocos2d::CCPoint'
     1>c:\users\yangboz\git\petulant-octo-dubstep\hp_id_print_app\classes\helloworldscene.cpp(742): warning C4996: 'cocos2d::Object': was declared deprecated
                 c:\users\yangboz\git\petulant-octo-dubstep\hp_id_print_app\cocos2d\cocos\deprecated\ccdeprecated.h(537) : see declaration of 'cocos2d::Object'
     1>c:\users\yangboz\git\petulant-octo-dubstep\hp_id_print_app\classes\helloworldscene.cpp(1035): warning C4996: 'cocos2d::CCPoint': was declared deprecated
                 c:\users\yangboz\git\petulant-octo-dubstep\hp_id_print_app\cocos2d\cocos\deprecated\ccdeprecated.h(772) : see declaration of 'cocos2d::CCPoint'
     1>c:\users\yangboz\git\petulant-octo-dubstep\hp_id_print_app\classes\helloworldscene.cpp(1057): warning C4996: 'cocos2d::CCPoint': was declared deprecated
                 c:\users\yangboz\git\petulant-octo-dubstep\hp_id_print_app\cocos2d\cocos\deprecated\ccdeprecated.h(772) : see declaration of 'cocos2d::CCPoint'
       PreLinkEvent:
         if not exist "C:\Users\yangboz\git\petulant-octo-dubstep\HP_ID_Print_App\proj.win32\Debug.win32\" mkdir "C:\Users\yangboz\git\petulant-octo-dubstep\HP_ID_Print_App\proj.win32\Debug.win32\"
         xcopy /Y /Q "C:\Users\yangboz\git\petulant-octo-dubstep\HP_ID_Print_App\cocos2d\cocos\2d\..\..\external\websockets\prebuilt\win32\*.*" "C:\Users\yangboz\git\petulant-octo-dubstep\HP_ID_Print_App\proj.win32\Debug.win32\"
         :VCEnd
         2 File(s) copied
       Link:
         C:\Program Files (x86)\Microsoft Visual Studio 12.0\VC\bin\link.exe /ERRORREPORT:PROMPT /OUT:"C:\Users\yangboz\git\petulant-octo-dubstep\HP_ID_Print_App\proj.win32\Debug.win32\HP_ID_Print_App.exe" /INCREMENTAL /NOLOGO /LIBPATH:"C:\Users\yangboz\git\petulant-octo-dubstep\HP_ID_Print_App\proj.win32\Debug.win32\\" /LIBPATH:"C:\Users\yangboz\git\petulant-octo-dubstep\HP_ID_Print_App\proj.win32\Debug.win32\\" opengl32.lib glew32.lib libzlib.lib libpng.lib libjpeg.lib libtiff.lib libwebp.lib libiconv.lib glfw3.lib freetype250.lib winmm.lib ws2_32.lib kernel32.lib user32.lib gdi32.lib winspool.lib comdlg32.lib advapi32.lib shell32.lib ole32.lib oleaut32.lib uuid.lib odbc32.lib odbccp32.lib "C:\Users\yangboz\git\petulant-octo-dubstep\HP_ID_Print_App\proj.win32\Debug.win32\libcocos2d.lib" libExtensions.lib libCocosStudio.lib opencv_calib3d249d.lib opencv_contrib249d.lib opencv_core249d.lib opencv_features2d249d.lib opencv_flann249d.lib opencv_gpu249d.lib opencv_highgui249d.lib opencv_imgproc249d.lib opencv_legacy249d.lib opencv_ml249d.lib opencv_objdetect249d.lib opencv_ts249d.lib opencv_video249d.lib /MANIFEST /MANIFESTUAC:"level='asInvoker' uiAccess='false'" /manifest:embed /DEBUG /PDB:"C:\Users\yangboz\git\petulant-octo-dubstep\HP_ID_Print_App\proj.win32\Debug.win32\HP_ID_Print_App.pdb" /SUBSYSTEM:WINDOWS /TLBID:1 /DYNAMICBASE /NXCOMPAT /IMPLIB:"C:\Users\yangboz\git\petulant-octo-dubstep\HP_ID_Print_App\proj.win32\Debug.win32\HP_ID_Print_App.lib" /MACHINE:X86 /SAFESEH Debug.win32\game.res
         Debug.win32\AppDelegate.obj
         Debug.win32\FileOperation.obj
         Debug.win32\HelloWorldScene.obj
         Debug.win32\HW_DataModel.obj
         Debug.win32\HW_StringUtils.obj
         Debug.win32\HW_UserDataModel.obj
         Debug.win32\OpenCvOperation.obj
         Debug.win32\CCScale9Sprite.obj
         Debug.win32\PopupLayer.obj
         Debug.win32\PrintOperation.obj
         Debug.win32\main.obj
         "C:\Users\yangboz\git\petulant-octo-dubstep\HP_ID_Print_App\proj.win32\Debug.win32\libCocosStudio.lib"
         "C:\Users\yangboz\git\petulant-octo-dubstep\HP_ID_Print_App\proj.win32\Debug.win32\libGUI.lib"
         "C:\Users\yangboz\git\petulant-octo-dubstep\HP_ID_Print_App\proj.win32\Debug.win32\libExtensions.lib"
         "C:\Users\yangboz\git\petulant-octo-dubstep\HP_ID_Print_App\proj.win32\Debug.win32\libcocos2d.lib"
         "C:\Users\yangboz\git\petulant-octo-dubstep\HP_ID_Print_App\proj.win32\Debug.win32\libAudio.lib"
         "C:\Users\yangboz\git\petulant-octo-dubstep\HP_ID_Print_App\proj.win32\Debug.win32\libchipmunk.lib"
         MyCocos2dxGame.vcxproj -> C:\Users\yangboz\git\petulant-octo-dubstep\HP_ID_Print_App\proj.win32\Debug.win32\HP_ID_Print_App.exe
     1>Done Building Project "C:\Users\yangboz\git\petulant-octo-dubstep\HP_ID_Print_App\proj.win32\MyCocos2dxGame.vcxproj" (Build target(s)).

Build succeeded.

Time Elapsed 00:00:18.83
