Build started 2014/6/3 16:20:19.
     1>Project "C:\Users\yangboz\git\petulant-octo-dubstep\MyCocos2dxGame\proj.win32\MyCocos2dxGame.vcxproj" on node 2 (Build target(s)).
     1>ClCompile:
         C:\Program Files (x86)\Microsoft Visual Studio 12.0\VC\bin\CL.exe /c /I"C:\Users\yangboz\git\petulant-octo-dubstep\MyCocos2dxGame\cocos2d\cocos\2d\..\..\cocos\audio\include" /I"C:\Users\yangboz\git\petulant-octo-dubstep\MyCocos2dxGame\cocos2d\cocos\2d\..\..\external" /I"C:\Users\yangboz\git\petulant-octo-dubstep\MyCocos2dxGame\cocos2d\cocos\2d\..\..\external\chipmunk\include\chipmunk" /I"C:\Users\yangboz\git\petulant-octo-dubstep\MyCocos2dxGame\cocos2d\cocos\2d\..\..\extensions" /I..\Classes /I.. /I"C:\Users\yangboz\git\petulant-octo-dubstep\MyCocos2dxGame\cocos2d\cocos\2d\..\..\cocos" /I"C:\Users\yangboz\git\petulant-octo-dubstep\MyCocos2dxGame\cocos2d\cocos\2d\..\..\cocos\2d" /I"C:\Users\yangboz\git\petulant-octo-dubstep\MyCocos2dxGame\cocos2d\cocos\2d\..\..\cocos\2d\renderer" /I"C:\Users\yangboz\git\petulant-octo-dubstep\MyCocos2dxGame\cocos2d\cocos\2d\..\..\cocos\ui" /I"C:\Users\yangboz\git\petulant-octo-dubstep\MyCocos2dxGame\cocos2d\cocos\2d\..\..\cocos\base" /I"C:\Users\yangboz\git\petulant-octo-dubstep\MyCocos2dxGame\cocos2d\cocos\2d\..\..\cocos\physics" /I"C:\Users\yangboz\git\petulant-octo-dubstep\MyCocos2dxGame\cocos2d\cocos\2d\..\..\cocos\math\kazmath" /I"C:\Users\yangboz\git\petulant-octo-dubstep\MyCocos2dxGame\cocos2d\cocos\2d\..\..\cocos\2d\platform\win32" /I"C:\Users\yangboz\git\petulant-octo-dubstep\MyCocos2dxGame\cocos2d\cocos\2d\..\..\cocos\2d\platform\desktop" /I"C:\Users\yangboz\git\petulant-octo-dubstep\MyCocos2dxGame\cocos2d\cocos\2d\..\..\external\glfw3\include\win32" /I"C:\Users\yangboz\git\petulant-octo-dubstep\MyCocos2dxGame\cocos2d\cocos\2d\..\..\external\win32-specific\gles\include\OGLES" /I"C:\Users\yangboz\git\petulant-octo-dubstep\MyCocos2dxGame\cocos2d\cocos\2d\..\..\\" /I"C:\Users\yangboz\git\petulant-octo-dubstep\MyCocos2dxGame\cocos2d\cocos\2d\..\..\cocos" /I"C:\Users\yangboz\git\petulant-octo-dubstep\MyCocos2dxGame\cocos2d\cocos\2d\..\..\cocos\editor-support" /Zi /nologo /W3 /WX- /MP /O2 /Oi /Oy- /GL /D WIN32 /D NDEBUG /D _WINDOWS /D _USE_MATH_DEFINES /D GL_GLEXT_PROTOTYPES /D CC_ENABLE_CHIPMUNK_INTEGRATION=1 /D _CRT_SECURE_NO_WARNINGS /D _SCL_SECURE_NO_WARNINGS /D _VARIADIC_MAX=10 /D _UNICODE /D UNICODE /Gm- /EHsc /MD /GS /Gy /fp:precise /Zc:wchar_t /Zc:forScope /Fo"Release.win32\\" /Fd"Release.win32\vc120.pdb" /Gd /TP /wd4267 /wd4251 /wd4244 /analyze- /errorReport:prompt ..\Classes\AppDelegate.cpp
         AppDelegate.cpp
     1>c:\users\yangboz\git\petulant-octo-dubstep\mycocos2dxgame\classes\popuplayer\CCScale9Sprite.h(12): warning C4996: 'cocos2d::CCNode': was declared deprecated
                 C:\Users\yangboz\git\petulant-octo-dubstep\MyCocos2dxGame\cocos2d\cocos\deprecated/CCDeprecated.h(565) : see declaration of 'cocos2d::CCNode'
     1>c:\users\yangboz\git\petulant-octo-dubstep\mycocos2dxgame\classes\popuplayer\CCScale9Sprite.h(14): warning C4996: 'cocos2d::CCSpriteBatchNode': was declared deprecated
                 C:\Users\yangboz\git\petulant-octo-dubstep\MyCocos2dxGame\cocos2d\cocos\deprecated/CCDeprecated.h(680) : see declaration of 'cocos2d::CCSpriteBatchNode'
     1>c:\users\yangboz\git\petulant-octo-dubstep\mycocos2dxgame\classes\popuplayer\CCScale9Sprite.h(15): warning C4996: 'cocos2d::CCSprite': was declared deprecated
                 C:\Users\yangboz\git\petulant-octo-dubstep\MyCocos2dxGame\cocos2d\cocos\deprecated/CCDeprecated.h(678) : see declaration of 'cocos2d::CCSprite'
     1>c:\users\yangboz\git\petulant-octo-dubstep\mycocos2dxgame\classes\popuplayer\CCScale9Sprite.h(16): warning C4996: 'cocos2d::CCSprite': was declared deprecated
                 C:\Users\yangboz\git\petulant-octo-dubstep\MyCocos2dxGame\cocos2d\cocos\deprecated/CCDeprecated.h(678) : see declaration of 'cocos2d::CCSprite'
     1>c:\users\yangboz\git\petulant-octo-dubstep\mycocos2dxgame\classes\popuplayer\CCScale9Sprite.h(17): warning C4996: 'cocos2d::CCSprite': was declared deprecated
                 C:\Users\yangboz\git\petulant-octo-dubstep\MyCocos2dxGame\cocos2d\cocos\deprecated/CCDeprecated.h(678) : see declaration of 'cocos2d::CCSprite'
     1>c:\users\yangboz\git\petulant-octo-dubstep\mycocos2dxgame\classes\popuplayer\CCScale9Sprite.h(18): warning C4996: 'cocos2d::CCSprite': was declared deprecated
                 C:\Users\yangboz\git\petulant-octo-dubstep\MyCocos2dxGame\cocos2d\cocos\deprecated/CCDeprecated.h(678) : see declaration of 'cocos2d::CCSprite'
     1>c:\users\yangboz\git\petulant-octo-dubstep\mycocos2dxgame\classes\popuplayer\CCScale9Sprite.h(19): warning C4996: 'cocos2d::CCSprite': was declared deprecated
                 C:\Users\yangboz\git\petulant-octo-dubstep\MyCocos2dxGame\cocos2d\cocos\deprecated/CCDeprecated.h(678) : see declaration of 'cocos2d::CCSprite'
     1>c:\users\yangboz\git\petulant-octo-dubstep\mycocos2dxgame\classes\popuplayer\CCScale9Sprite.h(20): warning C4996: 'cocos2d::CCSprite': was declared deprecated
                 C:\Users\yangboz\git\petulant-octo-dubstep\MyCocos2dxGame\cocos2d\cocos\deprecated/CCDeprecated.h(678) : see declaration of 'cocos2d::CCSprite'
     1>c:\users\yangboz\git\petulant-octo-dubstep\mycocos2dxgame\classes\popuplayer\CCScale9Sprite.h(21): warning C4996: 'cocos2d::CCSprite': was declared deprecated
                 C:\Users\yangboz\git\petulant-octo-dubstep\MyCocos2dxGame\cocos2d\cocos\deprecated/CCDeprecated.h(678) : see declaration of 'cocos2d::CCSprite'
     1>c:\users\yangboz\git\petulant-octo-dubstep\mycocos2dxgame\classes\popuplayer\CCScale9Sprite.h(22): warning C4996: 'cocos2d::CCSprite': was declared deprecated
                 C:\Users\yangboz\git\petulant-octo-dubstep\MyCocos2dxGame\cocos2d\cocos\deprecated/CCDeprecated.h(678) : see declaration of 'cocos2d::CCSprite'
     1>c:\users\yangboz\git\petulant-octo-dubstep\mycocos2dxgame\classes\popuplayer\CCScale9Sprite.h(23): warning C4996: 'cocos2d::CCSprite': was declared deprecated
                 C:\Users\yangboz\git\petulant-octo-dubstep\MyCocos2dxGame\cocos2d\cocos\deprecated/CCDeprecated.h(678) : see declaration of 'cocos2d::CCSprite'
     1>c:\users\yangboz\git\petulant-octo-dubstep\mycocos2dxgame\classes\popuplayer\CCScale9Sprite.h(24): warning C4996: 'cocos2d::CCSize': was declared deprecated
                 C:\Users\yangboz\git\petulant-octo-dubstep\MyCocos2dxGame\cocos2d\cocos\deprecated/CCDeprecated.h(773) : see declaration of 'cocos2d::CCSize'
     1>c:\users\yangboz\git\petulant-octo-dubstep\mycocos2dxgame\classes\popuplayer\CCScale9Sprite.h(25): warning C4996: 'cocos2d::CCRect': was declared deprecated
                 C:\Users\yangboz\git\petulant-octo-dubstep\MyCocos2dxGame\cocos2d\cocos\deprecated/CCDeprecated.h(774) : see declaration of 'cocos2d::CCRect'
     1>c:\users\yangboz\git\petulant-octo-dubstep\mycocos2dxgame\classes\popuplayer\CCScale9Sprite.h(30): warning C4996: 'cocos2d::ccColor3B': was declared deprecated
                 C:\Users\yangboz\git\petulant-octo-dubstep\MyCocos2dxGame\cocos2d\cocos\deprecated/CCDeprecated.h(775) : see declaration of 'cocos2d::ccColor3B'
                 C:\Users\yangboz\git\petulant-octo-dubstep\MyCocos2dxGame\cocos2d\cocos\deprecated/CCDeprecated.h(775) : see declaration of 'cocos2d::ccColor3B'
                 C:\Users\yangboz\git\petulant-octo-dubstep\MyCocos2dxGame\cocos2d\cocos\deprecated/CCDeprecated.h(775) : see declaration of 'cocos2d::ccColor3B'
     1>c:\users\yangboz\git\petulant-octo-dubstep\mycocos2dxgame\classes\popuplayer\CCScale9Sprite.h(33): warning C4996: 'cocos2d::CCRect': was declared deprecated
                 C:\Users\yangboz\git\petulant-octo-dubstep\MyCocos2dxGame\cocos2d\cocos\deprecated/CCDeprecated.h(774) : see declaration of 'cocos2d::CCRect'
     1>c:\users\yangboz\git\petulant-octo-dubstep\mycocos2dxgame\classes\popuplayer\CCScale9Sprite.h(34): warning C4996: 'cocos2d::CCRect': was declared deprecated
                 C:\Users\yangboz\git\petulant-octo-dubstep\MyCocos2dxGame\cocos2d\cocos\deprecated/CCDeprecated.h(774) : see declaration of 'cocos2d::CCRect'
                 C:\Users\yangboz\git\petulant-octo-dubstep\MyCocos2dxGame\cocos2d\cocos\deprecated/CCDeprecated.h(774) : see declaration of 'cocos2d::CCRect'
     1>c:\users\yangboz\git\petulant-octo-dubstep\mycocos2dxgame\classes\popuplayer\CCScale9Sprite.h(36): warning C4996: 'cocos2d::CCSize': was declared deprecated
                 C:\Users\yangboz\git\petulant-octo-dubstep\MyCocos2dxGame\cocos2d\cocos\deprecated/CCDeprecated.h(773) : see declaration of 'cocos2d::CCSize'
     1>c:\users\yangboz\git\petulant-octo-dubstep\mycocos2dxgame\classes\popuplayer\CCScale9Sprite.h(37): warning C4996: 'cocos2d::CCRGBAProtocol': was declared deprecated
                 C:\Users\yangboz\git\petulant-octo-dubstep\MyCocos2dxGame\cocos2d\cocos\deprecated/CCDeprecated.h(567) : see declaration of 'cocos2d::CCRGBAProtocol'
     1>c:\users\yangboz\git\petulant-octo-dubstep\mycocos2dxgame\classes\popuplayer\CCScale9Sprite.h(37): warning C4996: 'cocos2d::CCSpriteBatchNode': was declared deprecated
                 C:\Users\yangboz\git\petulant-octo-dubstep\MyCocos2dxGame\cocos2d\cocos\deprecated/CCDeprecated.h(680) : see declaration of 'cocos2d::CCSpriteBatchNode'
     1>c:\users\yangboz\git\petulant-octo-dubstep\mycocos2dxgame\classes\popuplayer\CCScale9Sprite.h(37): warning C4996: 'cocos2d::CCSprite': was declared deprecated
                 C:\Users\yangboz\git\petulant-octo-dubstep\MyCocos2dxGame\cocos2d\cocos\deprecated/CCDeprecated.h(678) : see declaration of 'cocos2d::CCSprite'
     1>c:\users\yangboz\git\petulant-octo-dubstep\mycocos2dxgame\classes\popuplayer\CCScale9Sprite.h(37): warning C4996: 'cocos2d::CCSize': was declared deprecated
                 C:\Users\yangboz\git\petulant-octo-dubstep\MyCocos2dxGame\cocos2d\cocos\deprecated/CCDeprecated.h(773) : see declaration of 'cocos2d::CCSize'
     1>c:\users\yangboz\git\petulant-octo-dubstep\mycocos2dxgame\classes\popuplayer\CCScale9Sprite.h(37): warning C4996: 'cocos2d::CCRect': was declared deprecated
                 C:\Users\yangboz\git\petulant-octo-dubstep\MyCocos2dxGame\cocos2d\cocos\deprecated/CCDeprecated.h(774) : see declaration of 'cocos2d::CCRect'
     1>c:\users\yangboz\git\petulant-octo-dubstep\mycocos2dxgame\classes\popuplayer\CCScale9Sprite.h(37): warning C4996: 'cocos2d::ccColor3B': was declared deprecated
                 C:\Users\yangboz\git\petulant-octo-dubstep\MyCocos2dxGame\cocos2d\cocos\deprecated/CCDeprecated.h(775) : see declaration of 'cocos2d::ccColor3B'
                 C:\Users\yangboz\git\petulant-octo-dubstep\MyCocos2dxGame\cocos2d\cocos\deprecated/CCDeprecated.h(567) : see declaration of 'cocos2d::CCRGBAProtocol'
                 C:\Users\yangboz\git\petulant-octo-dubstep\MyCocos2dxGame\cocos2d\cocos\deprecated/CCDeprecated.h(567) : see declaration of 'cocos2d::CCRGBAProtocol'
     1>c:\users\yangboz\git\petulant-octo-dubstep\mycocos2dxgame\classes\PopupLayer\PopupLayer.h(20): warning C4996: 'cocos2d::CCLayer': was declared deprecated
                 C:\Users\yangboz\git\petulant-octo-dubstep\MyCocos2dxGame\cocos2d\cocos\deprecated/CCDeprecated.h(682) : see declaration of 'cocos2d::CCLayer'
     1>c:\users\yangboz\git\petulant-octo-dubstep\mycocos2dxgame\classes\PopupLayer\PopupLayer.h(36): warning C4996: 'cocos2d::CCObject': was declared deprecated
                 C:\Users\yangboz\git\petulant-octo-dubstep\MyCocos2dxGame\cocos2d\cocos\deprecated/CCDeprecated.h(536) : see declaration of 'cocos2d::CCObject'
     1>c:\users\yangboz\git\petulant-octo-dubstep\mycocos2dxgame\classes\PopupLayer\PopupLayer.h(44): warning C4996: 'cocos2d::CCObject': was declared deprecated
                 C:\Users\yangboz\git\petulant-octo-dubstep\MyCocos2dxGame\cocos2d\cocos\deprecated/CCDeprecated.h(536) : see declaration of 'cocos2d::CCObject'
     1>c:\users\yangboz\git\petulant-octo-dubstep\mycocos2dxgame\classes\PopupLayer\PopupLayer.h(50): warning C4996: 'cocos2d::CCObject': was declared deprecated
                 C:\Users\yangboz\git\petulant-octo-dubstep\MyCocos2dxGame\cocos2d\cocos\deprecated/CCDeprecated.h(536) : see declaration of 'cocos2d::CCObject'
     1>c:\users\yangboz\git\petulant-octo-dubstep\mycocos2dxgame\classes\PopupLayer\PopupLayer.h(53): warning C4996: 'cocos2d::CCMenu': was declared deprecated
                 C:\Users\yangboz\git\petulant-octo-dubstep\MyCocos2dxGame\cocos2d\cocos\deprecated/CCDeprecated.h(733) : see declaration of 'cocos2d::CCMenu'
                 C:\Users\yangboz\git\petulant-octo-dubstep\MyCocos2dxGame\cocos2d\cocos\deprecated/CCDeprecated.h(733) : see declaration of 'cocos2d::CCMenu'
                 C:\Users\yangboz\git\petulant-octo-dubstep\MyCocos2dxGame\cocos2d\cocos\deprecated/CCDeprecated.h(733) : see declaration of 'cocos2d::CCMenu'
     1>c:\users\yangboz\git\petulant-octo-dubstep\mycocos2dxgame\classes\PopupLayer\PopupLayer.h(54): warning C4996: 'cocos2d::CCSprite': was declared deprecated
                 C:\Users\yangboz\git\petulant-octo-dubstep\MyCocos2dxGame\cocos2d\cocos\deprecated/CCDeprecated.h(678) : see declaration of 'cocos2d::CCSprite'
                 C:\Users\yangboz\git\petulant-octo-dubstep\MyCocos2dxGame\cocos2d\cocos\deprecated/CCDeprecated.h(678) : see declaration of 'cocos2d::CCSprite'
                 C:\Users\yangboz\git\petulant-octo-dubstep\MyCocos2dxGame\cocos2d\cocos\deprecated/CCDeprecated.h(678) : see declaration of 'cocos2d::CCSprite'
     1>c:\users\yangboz\git\petulant-octo-dubstep\mycocos2dxgame\classes\PopupLayer\PopupLayer.h(56): warning C4996: 'cocos2d::LabelTTF': was declared deprecated
                 c:\users\yangboz\git\petulant-octo-dubstep\mycocos2dxgame\cocos2d\cocos\2d\CCLabelTTF.h(59) : see declaration of 'cocos2d::LabelTTF'
                 c:\users\yangboz\git\petulant-octo-dubstep\mycocos2dxgame\cocos2d\cocos\2d\CCLabelTTF.h(59) : see declaration of 'cocos2d::LabelTTF'
                 c:\users\yangboz\git\petulant-octo-dubstep\mycocos2dxgame\cocos2d\cocos\2d\CCLabelTTF.h(59) : see declaration of 'cocos2d::LabelTTF'
     1>c:\users\yangboz\git\petulant-octo-dubstep\mycocos2dxgame\classes\PopupLayer\PopupLayer.h(57): warning C4996: 'cocos2d::LabelTTF': was declared deprecated
                 c:\users\yangboz\git\petulant-octo-dubstep\mycocos2dxgame\cocos2d\cocos\2d\CCLabelTTF.h(59) : see declaration of 'cocos2d::LabelTTF'
                 c:\users\yangboz\git\petulant-octo-dubstep\mycocos2dxgame\cocos2d\cocos\2d\CCLabelTTF.h(59) : see declaration of 'cocos2d::LabelTTF'
                 c:\users\yangboz\git\petulant-octo-dubstep\mycocos2dxgame\cocos2d\cocos\2d\CCLabelTTF.h(59) : see declaration of 'cocos2d::LabelTTF'
     1>c:\users\yangboz\git\petulant-octo-dubstep\mycocos2dxgame\classes\PopupLayer\PopupLayer.h(26): warning C4996: 'cocos2d::CCObject': was declared deprecated
                 C:\Users\yangboz\git\petulant-octo-dubstep\MyCocos2dxGame\cocos2d\cocos\deprecated/CCDeprecated.h(536) : see declaration of 'cocos2d::CCObject'
     1>c:\users\yangboz\git\petulant-octo-dubstep\mycocos2dxgame\classes\PopupLayer\PopupLayer.h(26): warning C4996: 'cocos2d::CCMenu': was declared deprecated
                 C:\Users\yangboz\git\petulant-octo-dubstep\MyCocos2dxGame\cocos2d\cocos\deprecated/CCDeprecated.h(733) : see declaration of 'cocos2d::CCMenu'
                 C:\Users\yangboz\git\petulant-octo-dubstep\MyCocos2dxGame\cocos2d\cocos\deprecated/CCDeprecated.h(733) : see declaration of 'cocos2d::CCMenu'
                 C:\Users\yangboz\git\petulant-octo-dubstep\MyCocos2dxGame\cocos2d\cocos\deprecated/CCDeprecated.h(678) : see declaration of 'cocos2d::CCSprite'
     1>c:\users\yangboz\git\petulant-octo-dubstep\mycocos2dxgame\classes\HelloWorldScene.h(49): warning C4996: 'cocos2d::Object': was declared deprecated
                 C:\Users\yangboz\git\petulant-octo-dubstep\MyCocos2dxGame\cocos2d\cocos\deprecated/CCDeprecated.h(537) : see declaration of 'cocos2d::Object'
     1>c:\users\yangboz\git\petulant-octo-dubstep\mycocos2dxgame\classes\HelloWorldScene.h(50): warning C4996: 'cocos2d::Object': was declared deprecated
                 C:\Users\yangboz\git\petulant-octo-dubstep\MyCocos2dxGame\cocos2d\cocos\deprecated/CCDeprecated.h(537) : see declaration of 'cocos2d::Object'
     1>c:\users\yangboz\git\petulant-octo-dubstep\mycocos2dxgame\classes\HelloWorldScene.h(51): warning C4996: 'cocos2d::Object': was declared deprecated
                 C:\Users\yangboz\git\petulant-octo-dubstep\MyCocos2dxGame\cocos2d\cocos\deprecated/CCDeprecated.h(537) : see declaration of 'cocos2d::Object'
     1>c:\users\yangboz\git\petulant-octo-dubstep\mycocos2dxgame\classes\HelloWorldScene.h(52): warning C4996: 'cocos2d::Object': was declared deprecated
                 C:\Users\yangboz\git\petulant-octo-dubstep\MyCocos2dxGame\cocos2d\cocos\deprecated/CCDeprecated.h(537) : see declaration of 'cocos2d::Object'
     1>c:\users\yangboz\git\petulant-octo-dubstep\mycocos2dxgame\classes\HelloWorldScene.h(54): warning C4996: 'cocos2d::Object': was declared deprecated
                 C:\Users\yangboz\git\petulant-octo-dubstep\MyCocos2dxGame\cocos2d\cocos\deprecated/CCDeprecated.h(537) : see declaration of 'cocos2d::Object'
     1>c:\users\yangboz\git\petulant-octo-dubstep\mycocos2dxgame\classes\HelloWorldScene.h(55): warning C4996: 'cocos2d::Object': was declared deprecated
                 C:\Users\yangboz\git\petulant-octo-dubstep\MyCocos2dxGame\cocos2d\cocos\deprecated/CCDeprecated.h(537) : see declaration of 'cocos2d::Object'
     1>c:\users\yangboz\git\petulant-octo-dubstep\mycocos2dxgame\classes\HelloWorldScene.h(56): warning C4996: 'cocos2d::Object': was declared deprecated
                 C:\Users\yangboz\git\petulant-octo-dubstep\MyCocos2dxGame\cocos2d\cocos\deprecated/CCDeprecated.h(537) : see declaration of 'cocos2d::Object'
     1>c:\users\yangboz\git\petulant-octo-dubstep\mycocos2dxgame\classes\HelloWorldScene.h(57): warning C4996: 'cocos2d::Object': was declared deprecated
                 C:\Users\yangboz\git\petulant-octo-dubstep\MyCocos2dxGame\cocos2d\cocos\deprecated/CCDeprecated.h(537) : see declaration of 'cocos2d::Object'
     1>c:\users\yangboz\git\petulant-octo-dubstep\mycocos2dxgame\classes\HelloWorldScene.h(58): warning C4996: 'cocos2d::Object': was declared deprecated
                 C:\Users\yangboz\git\petulant-octo-dubstep\MyCocos2dxGame\cocos2d\cocos\deprecated/CCDeprecated.h(537) : see declaration of 'cocos2d::Object'
     1>c:\users\yangboz\git\petulant-octo-dubstep\mycocos2dxgame\classes\HelloWorldScene.h(60): warning C4996: 'cocos2d::Object': was declared deprecated
                 C:\Users\yangboz\git\petulant-octo-dubstep\MyCocos2dxGame\cocos2d\cocos\deprecated/CCDeprecated.h(537) : see declaration of 'cocos2d::Object'
     1>c:\users\yangboz\git\petulant-octo-dubstep\mycocos2dxgame\classes\HelloWorldScene.h(61): warning C4996: 'cocos2d::Object': was declared deprecated
                 C:\Users\yangboz\git\petulant-octo-dubstep\MyCocos2dxGame\cocos2d\cocos\deprecated/CCDeprecated.h(537) : see declaration of 'cocos2d::Object'
     1>c:\users\yangboz\git\petulant-octo-dubstep\mycocos2dxgame\classes\HelloWorldScene.h(64): warning C4996: 'cocos2d::Object': was declared deprecated
                 C:\Users\yangboz\git\petulant-octo-dubstep\MyCocos2dxGame\cocos2d\cocos\deprecated/CCDeprecated.h(537) : see declaration of 'cocos2d::Object'
     1>c:\users\yangboz\git\petulant-octo-dubstep\mycocos2dxgame\classes\HelloWorldScene.h(65): warning C4996: 'cocos2d::Object': was declared deprecated
                 C:\Users\yangboz\git\petulant-octo-dubstep\MyCocos2dxGame\cocos2d\cocos\deprecated/CCDeprecated.h(537) : see declaration of 'cocos2d::Object'
     1>c:\users\yangboz\git\petulant-octo-dubstep\mycocos2dxgame\classes\HelloWorldScene.h(67): warning C4996: 'cocos2d::Object': was declared deprecated
                 C:\Users\yangboz\git\petulant-octo-dubstep\MyCocos2dxGame\cocos2d\cocos\deprecated/CCDeprecated.h(537) : see declaration of 'cocos2d::Object'
     1>c:\users\yangboz\git\petulant-octo-dubstep\mycocos2dxgame\classes\HelloWorldScene.h(68): warning C4996: 'cocos2d::Object': was declared deprecated
                 C:\Users\yangboz\git\petulant-octo-dubstep\MyCocos2dxGame\cocos2d\cocos\deprecated/CCDeprecated.h(537) : see declaration of 'cocos2d::Object'
     1>c:\users\yangboz\git\petulant-octo-dubstep\mycocos2dxgame\classes\HelloWorldScene.h(69): warning C4996: 'cocos2d::Object': was declared deprecated
                 C:\Users\yangboz\git\petulant-octo-dubstep\MyCocos2dxGame\cocos2d\cocos\deprecated/CCDeprecated.h(537) : see declaration of 'cocos2d::Object'
     1>c:\users\yangboz\git\petulant-octo-dubstep\mycocos2dxgame\classes\HelloWorldScene.h(71): warning C4996: 'cocos2d::Object': was declared deprecated
                 C:\Users\yangboz\git\petulant-octo-dubstep\MyCocos2dxGame\cocos2d\cocos\deprecated/CCDeprecated.h(537) : see declaration of 'cocos2d::Object'
     1>c:\users\yangboz\git\petulant-octo-dubstep\mycocos2dxgame\classes\HelloWorldScene.h(72): warning C4996: 'cocos2d::Object': was declared deprecated
                 C:\Users\yangboz\git\petulant-octo-dubstep\MyCocos2dxGame\cocos2d\cocos\deprecated/CCDeprecated.h(537) : see declaration of 'cocos2d::Object'
     1>c:\users\yangboz\git\petulant-octo-dubstep\mycocos2dxgame\classes\HelloWorldScene.h(73): warning C4996: 'cocos2d::Object': was declared deprecated
                 C:\Users\yangboz\git\petulant-octo-dubstep\MyCocos2dxGame\cocos2d\cocos\deprecated/CCDeprecated.h(537) : see declaration of 'cocos2d::Object'
     1>c:\users\yangboz\git\petulant-octo-dubstep\mycocos2dxgame\classes\HelloWorldScene.h(74): warning C4996: 'cocos2d::Object': was declared deprecated
                 C:\Users\yangboz\git\petulant-octo-dubstep\MyCocos2dxGame\cocos2d\cocos\deprecated/CCDeprecated.h(537) : see declaration of 'cocos2d::Object'
     1>c:\users\yangboz\git\petulant-octo-dubstep\mycocos2dxgame\classes\HelloWorldScene.h(76): warning C4996: 'cocos2d::Object': was declared deprecated
                 C:\Users\yangboz\git\petulant-octo-dubstep\MyCocos2dxGame\cocos2d\cocos\deprecated/CCDeprecated.h(537) : see declaration of 'cocos2d::Object'
     1>c:\users\yangboz\git\petulant-octo-dubstep\mycocos2dxgame\classes\HelloWorldScene.h(77): warning C4996: 'cocos2d::Object': was declared deprecated
                 C:\Users\yangboz\git\petulant-octo-dubstep\MyCocos2dxGame\cocos2d\cocos\deprecated/CCDeprecated.h(537) : see declaration of 'cocos2d::Object'
     1>c:\users\yangboz\git\petulant-octo-dubstep\mycocos2dxgame\classes\HelloWorldScene.h(78): warning C4996: 'cocos2d::Object': was declared deprecated
                 C:\Users\yangboz\git\petulant-octo-dubstep\MyCocos2dxGame\cocos2d\cocos\deprecated/CCDeprecated.h(537) : see declaration of 'cocos2d::Object'
     1>c:\users\yangboz\git\petulant-octo-dubstep\mycocos2dxgame\classes\HelloWorldScene.h(79): warning C4996: 'cocos2d::Object': was declared deprecated
                 C:\Users\yangboz\git\petulant-octo-dubstep\MyCocos2dxGame\cocos2d\cocos\deprecated/CCDeprecated.h(537) : see declaration of 'cocos2d::Object'
     1>c:\users\yangboz\git\petulant-octo-dubstep\mycocos2dxgame\classes\HelloWorldScene.h(80): warning C4996: 'cocos2d::Object': was declared deprecated
                 C:\Users\yangboz\git\petulant-octo-dubstep\MyCocos2dxGame\cocos2d\cocos\deprecated/CCDeprecated.h(537) : see declaration of 'cocos2d::Object'
     1>c:\users\yangboz\git\petulant-octo-dubstep\mycocos2dxgame\classes\HelloWorldScene.h(81): warning C4996: 'cocos2d::Object': was declared deprecated
                 C:\Users\yangboz\git\petulant-octo-dubstep\MyCocos2dxGame\cocos2d\cocos\deprecated/CCDeprecated.h(537) : see declaration of 'cocos2d::Object'
     1>c:\users\yangboz\git\petulant-octo-dubstep\mycocos2dxgame\classes\HelloWorldScene.h(83): warning C4996: 'cocos2d::Object': was declared deprecated
                 C:\Users\yangboz\git\petulant-octo-dubstep\MyCocos2dxGame\cocos2d\cocos\deprecated/CCDeprecated.h(537) : see declaration of 'cocos2d::Object'
     1>c:\users\yangboz\git\petulant-octo-dubstep\mycocos2dxgame\classes\HelloWorldScene.h(84): warning C4996: 'cocos2d::Object': was declared deprecated
                 C:\Users\yangboz\git\petulant-octo-dubstep\MyCocos2dxGame\cocos2d\cocos\deprecated/CCDeprecated.h(537) : see declaration of 'cocos2d::Object'
     1>c:\users\yangboz\git\petulant-octo-dubstep\mycocos2dxgame\classes\HelloWorldScene.h(86): warning C4996: 'cocos2d::Object': was declared deprecated
                 C:\Users\yangboz\git\petulant-octo-dubstep\MyCocos2dxGame\cocos2d\cocos\deprecated/CCDeprecated.h(537) : see declaration of 'cocos2d::Object'
     1>c:\users\yangboz\git\petulant-octo-dubstep\mycocos2dxgame\classes\HelloWorldScene.h(86): warning C4996: 'cocos2d::CCPoint': was declared deprecated
                 C:\Users\yangboz\git\petulant-octo-dubstep\MyCocos2dxGame\cocos2d\cocos\deprecated/CCDeprecated.h(772) : see declaration of 'cocos2d::CCPoint'
     1>..\Classes\AppDelegate.cpp(19): warning C4996: 'cocos2d::CCRectMake': was declared deprecated
                 C:\Users\yangboz\git\petulant-octo-dubstep\MyCocos2dxGame\cocos2d\cocos\deprecated/CCDeprecated.h(388) : see declaration of 'cocos2d::CCRectMake'
       PreLinkEvent:
         if not exist "C:\Users\yangboz\git\petulant-octo-dubstep\MyCocos2dxGame\proj.win32\Release.win32\" mkdir "C:\Users\yangboz\git\petulant-octo-dubstep\MyCocos2dxGame\proj.win32\Release.win32\"
         xcopy /Y /Q "C:\Users\yangboz\git\petulant-octo-dubstep\MyCocos2dxGame\cocos2d\cocos\2d\..\..\external\websockets\prebuilt\win32\*.*" "C:\Users\yangboz\git\petulant-octo-dubstep\MyCocos2dxGame\proj.win32\Release.win32\"
         :VCEnd
         2 File(s) copied
       Link:
         C:\Program Files (x86)\Microsoft Visual Studio 12.0\VC\bin\link.exe /ERRORREPORT:PROMPT /OUT:"C:\Users\yangboz\git\petulant-octo-dubstep\MyCocos2dxGame\proj.win32\Release.win32\MyCocos2dxGame.exe" /INCREMENTAL:NO /NOLOGO /LIBPATH:"C:\Users\yangboz\git\petulant-octo-dubstep\MyCocos2dxGame\proj.win32\Release.win32\\" /LIBPATH:"C:\Users\yangboz\git\petulant-octo-dubstep\MyCocos2dxGame\proj.win32\Release.win32\\" libcurl_imp.lib websockets.lib opengl32.lib glew32.lib libzlib.lib libpng.lib libjpeg.lib libtiff.lib libwebp.lib libiconv.lib glfw3.lib freetype250.lib winmm.lib ws2_32.lib kernel32.lib user32.lib gdi32.lib winspool.lib comdlg32.lib advapi32.lib shell32.lib ole32.lib oleaut32.lib uuid.lib odbc32.lib odbccp32.lib "C:\Users\yangboz\git\petulant-octo-dubstep\MyCocos2dxGame\proj.win32\Debug.win32\libcocos2d.lib" libExtensions.lib libCocosStudio.lib C:\opencv\build\x86\vc12\lib\opencv_calib3d249.lib C:\opencv\build\x86\vc12\lib\opencv_contrib249.lib C:\opencv\build\x86\vc12\lib\opencv_core249.lib C:\opencv\build\x86\vc12\lib\opencv_features2d249.lib C:\opencv\build\x86\vc12\lib\opencv_flann249.lib C:\opencv\build\x86\vc12\lib\opencv_gpu249.lib C:\opencv\build\x86\vc12\lib\opencv_highgui249.lib C:\opencv\build\x86\vc12\lib\opencv_imgproc249.lib C:\opencv\build\x86\vc12\lib\opencv_legacy249.lib C:\opencv\build\x86\vc12\lib\opencv_ml249.lib C:\opencv\build\x86\vc12\lib\opencv_nonfree249.lib C:\opencv\build\x86\vc12\lib\opencv_objdetect249.lib C:\opencv\build\x86\vc12\lib\opencv_photo249.lib C:\opencv\build\x86\vc12\lib\opencv_stitching249.lib C:\opencv\build\x86\vc12\lib\opencv_ts249.lib C:\opencv\build\x86\vc12\lib\opencv_video249.lib C:\opencv\build\x86\vc12\lib\opencv_videostab249.lib /MANIFEST /MANIFESTUAC:"level='asInvoker' uiAccess='false'" /manifest:embed /DEBUG /PDB:"C:\Users\yangboz\git\petulant-octo-dubstep\MyCocos2dxGame\proj.win32\Release.win32\MyCocos2dxGame.pdb" /SUBSYSTEM:WINDOWS /OPT:REF /OPT:ICF /LTCG /TLBID:1 /DYNAMICBASE /NXCOMPAT /IMPLIB:"C:\Users\yangboz\git\petulant-octo-dubstep\MyCocos2dxGame\proj.win32\Release.win32\MyCocos2dxGame.lib" /MACHINE:X86 /SAFESEH Release.win32\game.res
         Release.win32\AppDelegate.obj
         Release.win32\FileOperation.obj
         Release.win32\HelloWorldScene.obj
         Release.win32\HW_DataModel.obj
         Release.win32\HW_StringUtils.obj
         Release.win32\HW_UserDataModel.obj
         Release.win32\OpenCvOperation.obj
         Release.win32\CCScale9Sprite.obj
         Release.win32\PopupLayer.obj
         Release.win32\main.obj
         "C:\Users\yangboz\git\petulant-octo-dubstep\MyCocos2dxGame\proj.win32\Release.win32\libCocosStudio.lib"
         "C:\Users\yangboz\git\petulant-octo-dubstep\MyCocos2dxGame\proj.win32\Release.win32\libGUI.lib"
         "C:\Users\yangboz\git\petulant-octo-dubstep\MyCocos2dxGame\proj.win32\Release.win32\libExtensions.lib"
         "C:\Users\yangboz\git\petulant-octo-dubstep\MyCocos2dxGame\proj.win32\Release.win32\libcocos2d.lib"
         "C:\Users\yangboz\git\petulant-octo-dubstep\MyCocos2dxGame\proj.win32\Release.win32\libAudio.lib"
         "C:\Users\yangboz\git\petulant-octo-dubstep\MyCocos2dxGame\proj.win32\Release.win32\libchipmunk.lib"
     1>libcocos2d.lib(CCGLView.obj) : error LNK2038: mismatch detected for '_ITERATOR_DEBUG_LEVEL': value '2' doesn't match value '0' in AppDelegate.obj
     1>libcocos2d.lib(CCGLView.obj) : error LNK2038: mismatch detected for 'RuntimeLibrary': value 'MDd_DynamicDebug' doesn't match value 'MD_DynamicRelease' in AppDelegate.obj
     1>libcocos2d.lib(CCScheduler.obj) : error LNK2038: mismatch detected for '_ITERATOR_DEBUG_LEVEL': value '2' doesn't match value '0' in AppDelegate.obj
     1>libcocos2d.lib(CCScheduler.obj) : error LNK2038: mismatch detected for 'RuntimeLibrary': value 'MDd_DynamicDebug' doesn't match value 'MD_DynamicRelease' in AppDelegate.obj
     1>libcocos2d.lib(CCDirector.obj) : error LNK2038: mismatch detected for '_ITERATOR_DEBUG_LEVEL': value '2' doesn't match value '0' in AppDelegate.obj
     1>libcocos2d.lib(CCDirector.obj) : error LNK2038: mismatch detected for 'RuntimeLibrary': value 'MDd_DynamicDebug' doesn't match value 'MD_DynamicRelease' in AppDelegate.obj
     1>libcocos2d.lib(CCApplication.obj) : error LNK2038: mismatch detected for '_ITERATOR_DEBUG_LEVEL': value '2' doesn't match value '0' in AppDelegate.obj
     1>libcocos2d.lib(CCApplication.obj) : error LNK2038: mismatch detected for 'RuntimeLibrary': value 'MDd_DynamicDebug' doesn't match value 'MD_DynamicRelease' in AppDelegate.obj
     1>libcocos2d.lib(CCGeometry.obj) : error LNK2038: mismatch detected for '_ITERATOR_DEBUG_LEVEL': value '2' doesn't match value '0' in AppDelegate.obj
     1>libcocos2d.lib(CCGeometry.obj) : error LNK2038: mismatch detected for 'RuntimeLibrary': value 'MDd_DynamicDebug' doesn't match value 'MD_DynamicRelease' in AppDelegate.obj
     1>libcocos2d.lib(CCConsole.obj) : error LNK2038: mismatch detected for '_ITERATOR_DEBUG_LEVEL': value '2' doesn't match value '0' in AppDelegate.obj
     1>libcocos2d.lib(CCConsole.obj) : error LNK2038: mismatch detected for 'RuntimeLibrary': value 'MDd_DynamicDebug' doesn't match value 'MD_DynamicRelease' in AppDelegate.obj
     1>libcocos2d.lib(ccTypes.obj) : error LNK2038: mismatch detected for '_ITERATOR_DEBUG_LEVEL': value '2' doesn't match value '0' in AppDelegate.obj
     1>libcocos2d.lib(ccTypes.obj) : error LNK2038: mismatch detected for 'RuntimeLibrary': value 'MDd_DynamicDebug' doesn't match value 'MD_DynamicRelease' in AppDelegate.obj
     1>libcocos2d.lib(CCLayer.obj) : error LNK2038: mismatch detected for '_ITERATOR_DEBUG_LEVEL': value '2' doesn't match value '0' in AppDelegate.obj
     1>libcocos2d.lib(CCLayer.obj) : error LNK2038: mismatch detected for 'RuntimeLibrary': value 'MDd_DynamicDebug' doesn't match value 'MD_DynamicRelease' in AppDelegate.obj
     1>libcocos2d.lib(CCTexture2D.obj) : error LNK2038: mismatch detected for '_ITERATOR_DEBUG_LEVEL': value '2' doesn't match value '0' in AppDelegate.obj
     1>libcocos2d.lib(CCTexture2D.obj) : error LNK2038: mismatch detected for 'RuntimeLibrary': value 'MDd_DynamicDebug' doesn't match value 'MD_DynamicRelease' in AppDelegate.obj
     1>libcocos2d.lib(CCScene.obj) : error LNK2038: mismatch detected for '_ITERATOR_DEBUG_LEVEL': value '2' doesn't match value '0' in AppDelegate.obj
     1>libcocos2d.lib(CCScene.obj) : error LNK2038: mismatch detected for 'RuntimeLibrary': value 'MDd_DynamicDebug' doesn't match value 'MD_DynamicRelease' in AppDelegate.obj
     1>libcocos2d.lib(CCTMXTiledMap.obj) : error LNK2038: mismatch detected for '_ITERATOR_DEBUG_LEVEL': value '2' doesn't match value '0' in AppDelegate.obj
     1>libcocos2d.lib(CCTMXTiledMap.obj) : error LNK2038: mismatch detected for 'RuntimeLibrary': value 'MDd_DynamicDebug' doesn't match value 'MD_DynamicRelease' in AppDelegate.obj
     1>libcocos2d.lib(CCImage.obj) : error LNK2038: mismatch detected for '_ITERATOR_DEBUG_LEVEL': value '2' doesn't match value '0' in AppDelegate.obj
     1>libcocos2d.lib(CCImage.obj) : error LNK2038: mismatch detected for 'RuntimeLibrary': value 'MDd_DynamicDebug' doesn't match value 'MD_DynamicRelease' in AppDelegate.obj
     1>libcocos2d.lib(CCNode.obj) : error LNK2038: mismatch detected for '_ITERATOR_DEBUG_LEVEL': value '2' doesn't match value '0' in AppDelegate.obj
     1>libcocos2d.lib(CCNode.obj) : error LNK2038: mismatch detected for 'RuntimeLibrary': value 'MDd_DynamicDebug' doesn't match value 'MD_DynamicRelease' in AppDelegate.obj
     1>libcocos2d.lib(CCRef.obj) : error LNK2038: mismatch detected for '_ITERATOR_DEBUG_LEVEL': value '2' doesn't match value '0' in AppDelegate.obj
     1>libcocos2d.lib(CCRef.obj) : error LNK2038: mismatch detected for 'RuntimeLibrary': value 'MDd_DynamicDebug' doesn't match value 'MD_DynamicRelease' in AppDelegate.obj
     1>libcocos2d.lib(CCSpriteBatchNode.obj) : error LNK2038: mismatch detected for '_ITERATOR_DEBUG_LEVEL': value '2' doesn't match value '0' in AppDelegate.obj
     1>libcocos2d.lib(CCSpriteBatchNode.obj) : error LNK2038: mismatch detected for 'RuntimeLibrary': value 'MDd_DynamicDebug' doesn't match value 'MD_DynamicRelease' in AppDelegate.obj
     1>libcocos2d.lib(CCSprite.obj) : error LNK2038: mismatch detected for '_ITERATOR_DEBUG_LEVEL': value '2' doesn't match value '0' in AppDelegate.obj
     1>libcocos2d.lib(CCSprite.obj) : error LNK2038: mismatch detected for 'RuntimeLibrary': value 'MDd_DynamicDebug' doesn't match value 'MD_DynamicRelease' in AppDelegate.obj
     1>libcocos2d.lib(CCActionInterval.obj) : error LNK2038: mismatch detected for '_ITERATOR_DEBUG_LEVEL': value '2' doesn't match value '0' in AppDelegate.obj
     1>libcocos2d.lib(CCActionInterval.obj) : error LNK2038: mismatch detected for 'RuntimeLibrary': value 'MDd_DynamicDebug' doesn't match value 'MD_DynamicRelease' in AppDelegate.obj
     1>libcocos2d.lib(CCMenuItem.obj) : error LNK2038: mismatch detected for '_ITERATOR_DEBUG_LEVEL': value '2' doesn't match value '0' in AppDelegate.obj
     1>libcocos2d.lib(CCMenuItem.obj) : error LNK2038: mismatch detected for 'RuntimeLibrary': value 'MDd_DynamicDebug' doesn't match value 'MD_DynamicRelease' in AppDelegate.obj
     1>libcocos2d.lib(CCMenu.obj) : error LNK2038: mismatch detected for '_ITERATOR_DEBUG_LEVEL': value '2' doesn't match value '0' in AppDelegate.obj
     1>libcocos2d.lib(CCMenu.obj) : error LNK2038: mismatch detected for 'RuntimeLibrary': value 'MDd_DynamicDebug' doesn't match value 'MD_DynamicRelease' in AppDelegate.obj
     1>libcocos2d.lib(CCLabelTTF.obj) : error LNK2038: mismatch detected for '_ITERATOR_DEBUG_LEVEL': value '2' doesn't match value '0' in AppDelegate.obj
     1>libcocos2d.lib(CCLabelTTF.obj) : error LNK2038: mismatch detected for 'RuntimeLibrary': value 'MDd_DynamicDebug' doesn't match value 'MD_DynamicRelease' in AppDelegate.obj
     1>libcocos2d.lib(CCDeprecated.obj) : error LNK2038: mismatch detected for '_ITERATOR_DEBUG_LEVEL': value '2' doesn't match value '0' in AppDelegate.obj
     1>libcocos2d.lib(CCDeprecated.obj) : error LNK2038: mismatch detected for 'RuntimeLibrary': value 'MDd_DynamicDebug' doesn't match value 'MD_DynamicRelease' in AppDelegate.obj
     1>libcocos2d.lib(CCScriptSupport.obj) : error LNK2038: mismatch detected for '_ITERATOR_DEBUG_LEVEL': value '2' doesn't match value '0' in AppDelegate.obj
     1>libcocos2d.lib(CCScriptSupport.obj) : error LNK2038: mismatch detected for 'RuntimeLibrary': value 'MDd_DynamicDebug' doesn't match value 'MD_DynamicRelease' in AppDelegate.obj
     1>libcocos2d.lib(CCEvent.obj) : error LNK2038: mismatch detected for '_ITERATOR_DEBUG_LEVEL': value '2' doesn't match value '0' in AppDelegate.obj
     1>libcocos2d.lib(CCEvent.obj) : error LNK2038: mismatch detected for 'RuntimeLibrary': value 'MDd_DynamicDebug' doesn't match value 'MD_DynamicRelease' in AppDelegate.obj
     1>libcocos2d.lib(CCGLViewProtocol.obj) : error LNK2038: mismatch detected for '_ITERATOR_DEBUG_LEVEL': value '2' doesn't match value '0' in AppDelegate.obj
     1>libcocos2d.lib(CCGLViewProtocol.obj) : error LNK2038: mismatch detected for 'RuntimeLibrary': value 'MDd_DynamicDebug' doesn't match value 'MD_DynamicRelease' in AppDelegate.obj
     1>libcocos2d.lib(CCEventKeyboard.obj) : error LNK2038: mismatch detected for '_ITERATOR_DEBUG_LEVEL': value '2' doesn't match value '0' in AppDelegate.obj
     1>libcocos2d.lib(CCEventKeyboard.obj) : error LNK2038: mismatch detected for 'RuntimeLibrary': value 'MDd_DynamicDebug' doesn't match value 'MD_DynamicRelease' in AppDelegate.obj
     1>libcocos2d.lib(CCEventDispatcher.obj) : error LNK2038: mismatch detected for '_ITERATOR_DEBUG_LEVEL': value '2' doesn't match value '0' in AppDelegate.obj
     1>libcocos2d.lib(CCEventDispatcher.obj) : error LNK2038: mismatch detected for 'RuntimeLibrary': value 'MDd_DynamicDebug' doesn't match value 'MD_DynamicRelease' in AppDelegate.obj
     1>libcocos2d.lib(CCEventMouse.obj) : error LNK2038: mismatch detected for '_ITERATOR_DEBUG_LEVEL': value '2' doesn't match value '0' in AppDelegate.obj
     1>libcocos2d.lib(CCEventMouse.obj) : error LNK2038: mismatch detected for 'RuntimeLibrary': value 'MDd_DynamicDebug' doesn't match value 'MD_DynamicRelease' in AppDelegate.obj
     1>libcocos2d.lib(CCIMEDispatcher.obj) : error LNK2038: mismatch detected for '_ITERATOR_DEBUG_LEVEL': value '2' doesn't match value '0' in AppDelegate.obj
     1>libcocos2d.lib(CCIMEDispatcher.obj) : error LNK2038: mismatch detected for 'RuntimeLibrary': value 'MDd_DynamicDebug' doesn't match value 'MD_DynamicRelease' in AppDelegate.obj
     1>libcocos2d.lib(ccCArray.obj) : error LNK2038: mismatch detected for '_ITERATOR_DEBUG_LEVEL': value '2' doesn't match value '0' in AppDelegate.obj
     1>libcocos2d.lib(ccCArray.obj) : error LNK2038: mismatch detected for 'RuntimeLibrary': value 'MDd_DynamicDebug' doesn't match value 'MD_DynamicRelease' in AppDelegate.obj
     1>libcocos2d.lib(ccGLStateCache.obj) : error LNK2038: mismatch detected for '_ITERATOR_DEBUG_LEVEL': value '2' doesn't match value '0' in AppDelegate.obj
     1>libcocos2d.lib(ccGLStateCache.obj) : error LNK2038: mismatch detected for 'RuntimeLibrary': value 'MDd_DynamicDebug' doesn't match value 'MD_DynamicRelease' in AppDelegate.obj
     1>libcocos2d.lib(CCAtlasNode.obj) : error LNK2038: mismatch detected for '_ITERATOR_DEBUG_LEVEL': value '2' doesn't match value '0' in AppDelegate.obj
     1>libcocos2d.lib(CCAtlasNode.obj) : error LNK2038: mismatch detected for 'RuntimeLibrary': value 'MDd_DynamicDebug' doesn't match value 'MD_DynamicRelease' in AppDelegate.obj
     1>libcocos2d.lib(CCLabelAtlas.obj) : error LNK2038: mismatch detected for '_ITERATOR_DEBUG_LEVEL': value '2' doesn't match value '0' in AppDelegate.obj
     1>libcocos2d.lib(CCLabelAtlas.obj) : error LNK2038: mismatch detected for 'RuntimeLibrary': value 'MDd_DynamicDebug' doesn't match value 'MD_DynamicRelease' in AppDelegate.obj
     1>libcocos2d.lib(CCDrawingPrimitives.obj) : error LNK2038: mismatch detected for '_ITERATOR_DEBUG_LEVEL': value '2' doesn't match value '0' in AppDelegate.obj
     1>libcocos2d.lib(CCDrawingPrimitives.obj) : error LNK2038: mismatch detected for 'RuntimeLibrary': value 'MDd_DynamicDebug' doesn't match value 'MD_DynamicRelease' in AppDelegate.obj
     1>libcocos2d.lib(CCTextureCache.obj) : error LNK2038: mismatch detected for '_ITERATOR_DEBUG_LEVEL': value '2' doesn't match value '0' in AppDelegate.obj
     1>libcocos2d.lib(CCTextureCache.obj) : error LNK2038: mismatch detected for 'RuntimeLibrary': value 'MDd_DynamicDebug' doesn't match value 'MD_DynamicRelease' in AppDelegate.obj
     1>libcocos2d.lib(CCValue.obj) : error LNK2038: mismatch detected for '_ITERATOR_DEBUG_LEVEL': value '2' doesn't match value '0' in AppDelegate.obj
     1>libcocos2d.lib(CCValue.obj) : error LNK2038: mismatch detected for 'RuntimeLibrary': value 'MDd_DynamicDebug' doesn't match value 'MD_DynamicRelease' in AppDelegate.obj
     1>libcocos2d.lib(CCSpriteFrameCache.obj) : error LNK2038: mismatch detected for '_ITERATOR_DEBUG_LEVEL': value '2' doesn't match value '0' in AppDelegate.obj
     1>libcocos2d.lib(CCSpriteFrameCache.obj) : error LNK2038: mismatch detected for 'RuntimeLibrary': value 'MDd_DynamicDebug' doesn't match value 'MD_DynamicRelease' in AppDelegate.obj
     1>libcocos2d.lib(CCAutoreleasePool.obj) : error LNK2038: mismatch detected for '_ITERATOR_DEBUG_LEVEL': value '2' doesn't match value '0' in AppDelegate.obj
     1>libcocos2d.lib(CCAutoreleasePool.obj) : error LNK2038: mismatch detected for 'RuntimeLibrary': value 'MDd_DynamicDebug' doesn't match value 'MD_DynamicRelease' in AppDelegate.obj
     1>libcocos2d.lib(CCFileUtilsWin32.obj) : error LNK2038: mismatch detected for '_ITERATOR_DEBUG_LEVEL': value '2' doesn't match value '0' in AppDelegate.obj
     1>libcocos2d.lib(CCFileUtilsWin32.obj) : error LNK2038: mismatch detected for 'RuntimeLibrary': value 'MDd_DynamicDebug' doesn't match value 'MD_DynamicRelease' in AppDelegate.obj
     1>libcocos2d.lib(CCFileUtils.obj) : error LNK2038: mismatch detected for '_ITERATOR_DEBUG_LEVEL': value '2' doesn't match value '0' in AppDelegate.obj
     1>libcocos2d.lib(CCFileUtils.obj) : error LNK2038: mismatch detected for 'RuntimeLibrary': value 'MDd_DynamicDebug' doesn't match value 'MD_DynamicRelease' in AppDelegate.obj
     1>libcocos2d.lib(CCFontFNT.obj) : error LNK2038: mismatch detected for '_ITERATOR_DEBUG_LEVEL': value '2' doesn't match value '0' in AppDelegate.obj
     1>libcocos2d.lib(CCFontFNT.obj) : error LNK2038: mismatch detected for 'RuntimeLibrary': value 'MDd_DynamicDebug' doesn't match value 'MD_DynamicRelease' in AppDelegate.obj
     1>libcocos2d.lib(CCFontAtlasCache.obj) : error LNK2038: mismatch detected for '_ITERATOR_DEBUG_LEVEL': value '2' doesn't match value '0' in AppDelegate.obj
     1>libcocos2d.lib(CCFontAtlasCache.obj) : error LNK2038: mismatch detected for 'RuntimeLibrary': value 'MDd_DynamicDebug' doesn't match value 'MD_DynamicRelease' in AppDelegate.obj
     1>libcocos2d.lib(CCActionManager.obj) : error LNK2038: mismatch detected for '_ITERATOR_DEBUG_LEVEL': value '2' doesn't match value '0' in AppDelegate.obj
     1>libcocos2d.lib(CCActionManager.obj) : error LNK2038: mismatch detected for 'RuntimeLibrary': value 'MDd_DynamicDebug' doesn't match value 'MD_DynamicRelease' in AppDelegate.obj
     1>libcocos2d.lib(CCAnimationCache.obj) : error LNK2038: mismatch detected for '_ITERATOR_DEBUG_LEVEL': value '2' doesn't match value '0' in AppDelegate.obj
     1>libcocos2d.lib(CCAnimationCache.obj) : error LNK2038: mismatch detected for 'RuntimeLibrary': value 'MDd_DynamicDebug' doesn't match value 'MD_DynamicRelease' in AppDelegate.obj
     1>libcocos2d.lib(CCUserDefault.obj) : error LNK2038: mismatch detected for '_ITERATOR_DEBUG_LEVEL': value '2' doesn't match value '0' in AppDelegate.obj
     1>libcocos2d.lib(CCUserDefault.obj) : error LNK2038: mismatch detected for 'RuntimeLibrary': value 'MDd_DynamicDebug' doesn't match value 'MD_DynamicRelease' in AppDelegate.obj
     1>libcocos2d.lib(CCShaderCache.obj) : error LNK2038: mismatch detected for '_ITERATOR_DEBUG_LEVEL': value '2' doesn't match value '0' in AppDelegate.obj
     1>libcocos2d.lib(CCShaderCache.obj) : error LNK2038: mismatch detected for 'RuntimeLibrary': value 'MDd_DynamicDebug' doesn't match value 'MD_DynamicRelease' in AppDelegate.obj
     1>libcocos2d.lib(CCConfiguration.obj) : error LNK2038: mismatch detected for '_ITERATOR_DEBUG_LEVEL': value '2' doesn't match value '0' in AppDelegate.obj
     1>libcocos2d.lib(CCConfiguration.obj) : error LNK2038: mismatch detected for 'RuntimeLibrary': value 'MDd_DynamicDebug' doesn't match value 'MD_DynamicRelease' in AppDelegate.obj
     1>libcocos2d.lib(CCEventCustom.obj) : error LNK2038: mismatch detected for '_ITERATOR_DEBUG_LEVEL': value '2' doesn't match value '0' in AppDelegate.obj
     1>libcocos2d.lib(CCEventCustom.obj) : error LNK2038: mismatch detected for 'RuntimeLibrary': value 'MDd_DynamicDebug' doesn't match value 'MD_DynamicRelease' in AppDelegate.obj
     1>libcocos2d.lib(CCFontFreeType.obj) : error LNK2038: mismatch detected for '_ITERATOR_DEBUG_LEVEL': value '2' doesn't match value '0' in AppDelegate.obj
     1>libcocos2d.lib(CCFontFreeType.obj) : error LNK2038: mismatch detected for 'RuntimeLibrary': value 'MDd_DynamicDebug' doesn't match value 'MD_DynamicRelease' in AppDelegate.obj
     1>libcocos2d.lib(CCRenderer.obj) : error LNK2038: mismatch detected for '_ITERATOR_DEBUG_LEVEL': value '2' doesn't match value '0' in AppDelegate.obj
     1>libcocos2d.lib(CCRenderer.obj) : error LNK2038: mismatch detected for 'RuntimeLibrary': value 'MDd_DynamicDebug' doesn't match value 'MD_DynamicRelease' in AppDelegate.obj
     1>libcocos2d.lib(CCGLProgram.obj) : error LNK2038: mismatch detected for '_ITERATOR_DEBUG_LEVEL': value '2' doesn't match value '0' in AppDelegate.obj
     1>libcocos2d.lib(CCGLProgram.obj) : error LNK2038: mismatch detected for 'RuntimeLibrary': value 'MDd_DynamicDebug' doesn't match value 'MD_DynamicRelease' in AppDelegate.obj
     1>libcocos2d.lib(CCCustomCommand.obj) : error LNK2038: mismatch detected for '_ITERATOR_DEBUG_LEVEL': value '2' doesn't match value '0' in AppDelegate.obj
     1>libcocos2d.lib(CCCustomCommand.obj) : error LNK2038: mismatch detected for 'RuntimeLibrary': value 'MDd_DynamicDebug' doesn't match value 'MD_DynamicRelease' in AppDelegate.obj
     1>libcocos2d.lib(CCEventListenerTouch.obj) : error LNK2038: mismatch detected for '_ITERATOR_DEBUG_LEVEL': value '2' doesn't match value '0' in AppDelegate.obj
     1>libcocos2d.lib(CCEventListenerTouch.obj) : error LNK2038: mismatch detected for 'RuntimeLibrary': value 'MDd_DynamicDebug' doesn't match value 'MD_DynamicRelease' in AppDelegate.obj
     1>libcocos2d.lib(CCEventListenerKeyboard.obj) : error LNK2038: mismatch detected for '_ITERATOR_DEBUG_LEVEL': value '2' doesn't match value '0' in AppDelegate.obj
     1>libcocos2d.lib(CCEventListenerKeyboard.obj) : error LNK2038: mismatch detected for 'RuntimeLibrary': value 'MDd_DynamicDebug' doesn't match value 'MD_DynamicRelease' in AppDelegate.obj
     1>libcocos2d.lib(CCEventListenerAcceleration.obj) : error LNK2038: mismatch detected for '_ITERATOR_DEBUG_LEVEL': value '2' doesn't match value '0' in AppDelegate.obj
     1>libcocos2d.lib(CCEventListenerAcceleration.obj) : error LNK2038: mismatch detected for 'RuntimeLibrary': value 'MDd_DynamicDebug' doesn't match value 'MD_DynamicRelease' in AppDelegate.obj
     1>libcocos2d.lib(CCDevice.obj) : error LNK2038: mismatch detected for '_ITERATOR_DEBUG_LEVEL': value '2' doesn't match value '0' in AppDelegate.obj
     1>libcocos2d.lib(CCDevice.obj) : error LNK2038: mismatch detected for 'RuntimeLibrary': value 'MDd_DynamicDebug' doesn't match value 'MD_DynamicRelease' in AppDelegate.obj
     1>libcocos2d.lib(CCData.obj) : error LNK2038: mismatch detected for '_ITERATOR_DEBUG_LEVEL': value '2' doesn't match value '0' in AppDelegate.obj
     1>libcocos2d.lib(CCData.obj) : error LNK2038: mismatch detected for 'RuntimeLibrary': value 'MDd_DynamicDebug' doesn't match value 'MD_DynamicRelease' in AppDelegate.obj
     1>libcocos2d.lib(CCPhysicsWorld.obj) : error LNK2038: mismatch detected for '_ITERATOR_DEBUG_LEVEL': value '2' doesn't match value '0' in AppDelegate.obj
     1>libcocos2d.lib(CCPhysicsWorld.obj) : error LNK2038: mismatch detected for 'RuntimeLibrary': value 'MDd_DynamicDebug' doesn't match value 'MD_DynamicRelease' in AppDelegate.obj
     1>libcocos2d.lib(CCTMXXMLParser.obj) : error LNK2038: mismatch detected for '_ITERATOR_DEBUG_LEVEL': value '2' doesn't match value '0' in AppDelegate.obj
     1>libcocos2d.lib(CCTMXXMLParser.obj) : error LNK2038: mismatch detected for 'RuntimeLibrary': value 'MDd_DynamicDebug' doesn't match value 'MD_DynamicRelease' in AppDelegate.obj
     1>libcocos2d.lib(CCTMXLayer.obj) : error LNK2038: mismatch detected for '_ITERATOR_DEBUG_LEVEL': value '2' doesn't match value '0' in AppDelegate.obj
     1>libcocos2d.lib(CCTMXLayer.obj) : error LNK2038: mismatch detected for 'RuntimeLibrary': value 'MDd_DynamicDebug' doesn't match value 'MD_DynamicRelease' in AppDelegate.obj
     1>libcocos2d.lib(TGAlib.obj) : error LNK2038: mismatch detected for '_ITERATOR_DEBUG_LEVEL': value '2' doesn't match value '0' in AppDelegate.obj
     1>libcocos2d.lib(TGAlib.obj) : error LNK2038: mismatch detected for 'RuntimeLibrary': value 'MDd_DynamicDebug' doesn't match value 'MD_DynamicRelease' in AppDelegate.obj
     1>libcocos2d.lib(ZipUtils.obj) : error LNK2038: mismatch detected for '_ITERATOR_DEBUG_LEVEL': value '2' doesn't match value '0' in AppDelegate.obj
     1>libcocos2d.lib(ZipUtils.obj) : error LNK2038: mismatch detected for 'RuntimeLibrary': value 'MDd_DynamicDebug' doesn't match value 'MD_DynamicRelease' in AppDelegate.obj
     1>libcocos2d.lib(CCAffineTransform.obj) : error LNK2038: mismatch detected for '_ITERATOR_DEBUG_LEVEL': value '2' doesn't match value '0' in AppDelegate.obj
     1>libcocos2d.lib(CCAffineTransform.obj) : error LNK2038: mismatch detected for 'RuntimeLibrary': value 'MDd_DynamicDebug' doesn't match value 'MD_DynamicRelease' in AppDelegate.obj
     1>libcocos2d.lib(CCTouch.obj) : error LNK2038: mismatch detected for '_ITERATOR_DEBUG_LEVEL': value '2' doesn't match value '0' in AppDelegate.obj
     1>libcocos2d.lib(CCTouch.obj) : error LNK2038: mismatch detected for 'RuntimeLibrary': value 'MDd_DynamicDebug' doesn't match value 'MD_DynamicRelease' in AppDelegate.obj
     1>libcocos2d.lib(TransformUtils.obj) : error LNK2038: mismatch detected for '_ITERATOR_DEBUG_LEVEL': value '2' doesn't match value '0' in AppDelegate.obj
     1>libcocos2d.lib(TransformUtils.obj) : error LNK2038: mismatch detected for 'RuntimeLibrary': value 'MDd_DynamicDebug' doesn't match value 'MD_DynamicRelease' in AppDelegate.obj
     1>libcocos2d.lib(CCPhysicsBody.obj) : error LNK2038: mismatch detected for '_ITERATOR_DEBUG_LEVEL': value '2' doesn't match value '0' in AppDelegate.obj
     1>libcocos2d.lib(CCPhysicsBody.obj) : error LNK2038: mismatch detected for 'RuntimeLibrary': value 'MDd_DynamicDebug' doesn't match value 'MD_DynamicRelease' in AppDelegate.obj
     1>libcocos2d.lib(CCComponentContainer.obj) : error LNK2038: mismatch detected for '_ITERATOR_DEBUG_LEVEL': value '2' doesn't match value '0' in AppDelegate.obj
     1>libcocos2d.lib(CCComponentContainer.obj) : error LNK2038: mismatch detected for 'RuntimeLibrary': value 'MDd_DynamicDebug' doesn't match value 'MD_DynamicRelease' in AppDelegate.obj
     1>libcocos2d.lib(CCTextureAtlas.obj) : error LNK2038: mismatch detected for '_ITERATOR_DEBUG_LEVEL': value '2' doesn't match value '0' in AppDelegate.obj
     1>libcocos2d.lib(CCTextureAtlas.obj) : error LNK2038: mismatch detected for 'RuntimeLibrary': value 'MDd_DynamicDebug' doesn't match value 'MD_DynamicRelease' in AppDelegate.obj
     1>libcocos2d.lib(CCBatchCommand.obj) : error LNK2038: mismatch detected for '_ITERATOR_DEBUG_LEVEL': value '2' doesn't match value '0' in AppDelegate.obj
     1>libcocos2d.lib(CCBatchCommand.obj) : error LNK2038: mismatch detected for 'RuntimeLibrary': value 'MDd_DynamicDebug' doesn't match value 'MD_DynamicRelease' in AppDelegate.obj
     1>libcocos2d.lib(CCQuadCommand.obj) : error LNK2038: mismatch detected for '_ITERATOR_DEBUG_LEVEL': value '2' doesn't match value '0' in AppDelegate.obj
     1>libcocos2d.lib(CCQuadCommand.obj) : error LNK2038: mismatch detected for 'RuntimeLibrary': value 'MDd_DynamicDebug' doesn't match value 'MD_DynamicRelease' in AppDelegate.obj
     1>libcocos2d.lib(CCSpriteFrame.obj) : error LNK2038: mismatch detected for '_ITERATOR_DEBUG_LEVEL': value '2' doesn't match value '0' in AppDelegate.obj
     1>libcocos2d.lib(CCSpriteFrame.obj) : error LNK2038: mismatch detected for 'RuntimeLibrary': value 'MDd_DynamicDebug' doesn't match value 'MD_DynamicRelease' in AppDelegate.obj
     1>libcocos2d.lib(CCAction.obj) : error LNK2038: mismatch detected for '_ITERATOR_DEBUG_LEVEL': value '2' doesn't match value '0' in AppDelegate.obj
     1>libcocos2d.lib(CCAction.obj) : error LNK2038: mismatch detected for 'RuntimeLibrary': value 'MDd_DynamicDebug' doesn't match value 'MD_DynamicRelease' in AppDelegate.obj
     1>libcocos2d.lib(CCAnimation.obj) : error LNK2038: mismatch detected for '_ITERATOR_DEBUG_LEVEL': value '2' doesn't match value '0' in AppDelegate.obj
     1>libcocos2d.lib(CCAnimation.obj) : error LNK2038: mismatch detected for 'RuntimeLibrary': value 'MDd_DynamicDebug' doesn't match value 'MD_DynamicRelease' in AppDelegate.obj
     1>libcocos2d.lib(CCLabel.obj) : error LNK2038: mismatch detected for '_ITERATOR_DEBUG_LEVEL': value '2' doesn't match value '0' in AppDelegate.obj
     1>libcocos2d.lib(CCLabel.obj) : error LNK2038: mismatch detected for 'RuntimeLibrary': value 'MDd_DynamicDebug' doesn't match value 'MD_DynamicRelease' in AppDelegate.obj
     1>libcocos2d.lib(CCEventTouch.obj) : error LNK2038: mismatch detected for '_ITERATOR_DEBUG_LEVEL': value '2' doesn't match value '0' in AppDelegate.obj
     1>libcocos2d.lib(CCEventTouch.obj) : error LNK2038: mismatch detected for 'RuntimeLibrary': value 'MDd_DynamicDebug' doesn't match value 'MD_DynamicRelease' in AppDelegate.obj
     1>libcocos2d.lib(CCEventListenerCustom.obj) : error LNK2038: mismatch detected for '_ITERATOR_DEBUG_LEVEL': value '2' doesn't match value '0' in AppDelegate.obj
     1>libcocos2d.lib(CCEventListenerCustom.obj) : error LNK2038: mismatch detected for 'RuntimeLibrary': value 'MDd_DynamicDebug' doesn't match value 'MD_DynamicRelease' in AppDelegate.obj
     1>libcocos2d.lib(CCEventListenerMouse.obj) : error LNK2038: mismatch detected for '_ITERATOR_DEBUG_LEVEL': value '2' doesn't match value '0' in AppDelegate.obj
     1>libcocos2d.lib(CCEventListenerMouse.obj) : error LNK2038: mismatch detected for 'RuntimeLibrary': value 'MDd_DynamicDebug' doesn't match value 'MD_DynamicRelease' in AppDelegate.obj
     1>libcocos2d.lib(CCActionCatmullRom.obj) : error LNK2038: mismatch detected for '_ITERATOR_DEBUG_LEVEL': value '2' doesn't match value '0' in AppDelegate.obj
     1>libcocos2d.lib(CCActionCatmullRom.obj) : error LNK2038: mismatch detected for 'RuntimeLibrary': value 'MDd_DynamicDebug' doesn't match value 'MD_DynamicRelease' in AppDelegate.obj
     1>libcocos2d.lib(CCNS.obj) : error LNK2038: mismatch detected for '_ITERATOR_DEBUG_LEVEL': value '2' doesn't match value '0' in AppDelegate.obj
     1>libcocos2d.lib(CCNS.obj) : error LNK2038: mismatch detected for 'RuntimeLibrary': value 'MDd_DynamicDebug' doesn't match value 'MD_DynamicRelease' in AppDelegate.obj
     1>libcocos2d.lib(CCSAXParser.obj) : error LNK2038: mismatch detected for '_ITERATOR_DEBUG_LEVEL': value '2' doesn't match value '0' in AppDelegate.obj
     1>libcocos2d.lib(CCSAXParser.obj) : error LNK2038: mismatch detected for 'RuntimeLibrary': value 'MDd_DynamicDebug' doesn't match value 'MD_DynamicRelease' in AppDelegate.obj
     1>libcocos2d.lib(tinyxml2.obj) : error LNK2038: mismatch detected for '_ITERATOR_DEBUG_LEVEL': value '2' doesn't match value '0' in AppDelegate.obj
     1>libcocos2d.lib(tinyxml2.obj) : error LNK2038: mismatch detected for 'RuntimeLibrary': value 'MDd_DynamicDebug' doesn't match value 'MD_DynamicRelease' in AppDelegate.obj
     1>libcocos2d.lib(CCFontAtlas.obj) : error LNK2038: mismatch detected for '_ITERATOR_DEBUG_LEVEL': value '2' doesn't match value '0' in AppDelegate.obj
     1>libcocos2d.lib(CCFontAtlas.obj) : error LNK2038: mismatch detected for 'RuntimeLibrary': value 'MDd_DynamicDebug' doesn't match value 'MD_DynamicRelease' in AppDelegate.obj
     1>libcocos2d.lib(CCFont.obj) : error LNK2038: mismatch detected for '_ITERATOR_DEBUG_LEVEL': value '2' doesn't match value '0' in AppDelegate.obj
     1>libcocos2d.lib(CCFont.obj) : error LNK2038: mismatch detected for 'RuntimeLibrary': value 'MDd_DynamicDebug' doesn't match value 'MD_DynamicRelease' in AppDelegate.obj
     1>libcocos2d.lib(ccUTF8.obj) : error LNK2038: mismatch detected for '_ITERATOR_DEBUG_LEVEL': value '2' doesn't match value '0' in AppDelegate.obj
     1>libcocos2d.lib(ccUTF8.obj) : error LNK2038: mismatch detected for 'RuntimeLibrary': value 'MDd_DynamicDebug' doesn't match value 'MD_DynamicRelease' in AppDelegate.obj
     1>libcocos2d.lib(CCFontCharMap.obj) : error LNK2038: mismatch detected for '_ITERATOR_DEBUG_LEVEL': value '2' doesn't match value '0' in AppDelegate.obj
     1>libcocos2d.lib(CCFontCharMap.obj) : error LNK2038: mismatch detected for 'RuntimeLibrary': value 'MDd_DynamicDebug' doesn't match value 'MD_DynamicRelease' in AppDelegate.obj
     1>libcocos2d.lib(CCGroupCommand.obj) : error LNK2038: mismatch detected for '_ITERATOR_DEBUG_LEVEL': value '2' doesn't match value '0' in AppDelegate.obj
     1>libcocos2d.lib(CCGroupCommand.obj) : error LNK2038: mismatch detected for 'RuntimeLibrary': value 'MDd_DynamicDebug' doesn't match value 'MD_DynamicRelease' in AppDelegate.obj
     1>libcocos2d.lib(CCRenderCommand.obj) : error LNK2038: mismatch detected for '_ITERATOR_DEBUG_LEVEL': value '2' doesn't match value '0' in AppDelegate.obj
     1>libcocos2d.lib(CCRenderCommand.obj) : error LNK2038: mismatch detected for 'RuntimeLibrary': value 'MDd_DynamicDebug' doesn't match value 'MD_DynamicRelease' in AppDelegate.obj
     1>libcocos2d.lib(CCEventListener.obj) : error LNK2038: mismatch detected for '_ITERATOR_DEBUG_LEVEL': value '2' doesn't match value '0' in AppDelegate.obj
     1>libcocos2d.lib(CCEventListener.obj) : error LNK2038: mismatch detected for 'RuntimeLibrary': value 'MDd_DynamicDebug' doesn't match value 'MD_DynamicRelease' in AppDelegate.obj
     1>libcocos2d.lib(CCPhysicsContact.obj) : error LNK2038: mismatch detected for '_ITERATOR_DEBUG_LEVEL': value '2' doesn't match value '0' in AppDelegate.obj
     1>libcocos2d.lib(CCPhysicsContact.obj) : error LNK2038: mismatch detected for 'RuntimeLibrary': value 'MDd_DynamicDebug' doesn't match value 'MD_DynamicRelease' in AppDelegate.obj
     1>libcocos2d.lib(CCPhysicsJoint.obj) : error LNK2038: mismatch detected for '_ITERATOR_DEBUG_LEVEL': value '2' doesn't match value '0' in AppDelegate.obj
     1>libcocos2d.lib(CCPhysicsJoint.obj) : error LNK2038: mismatch detected for 'RuntimeLibrary': value 'MDd_DynamicDebug' doesn't match value 'MD_DynamicRelease' in AppDelegate.obj
     1>libcocos2d.lib(CCPhysicsWorldInfo_chipmunk.obj) : error LNK2038: mismatch detected for '_ITERATOR_DEBUG_LEVEL': value '2' doesn't match value '0' in AppDelegate.obj
     1>libcocos2d.lib(CCPhysicsWorldInfo_chipmunk.obj) : error LNK2038: mismatch detected for 'RuntimeLibrary': value 'MDd_DynamicDebug' doesn't match value 'MD_DynamicRelease' in AppDelegate.obj
     1>libcocos2d.lib(CCDrawNode.obj) : error LNK2038: mismatch detected for '_ITERATOR_DEBUG_LEVEL': value '2' doesn't match value '0' in AppDelegate.obj
     1>libcocos2d.lib(CCDrawNode.obj) : error LNK2038: mismatch detected for 'RuntimeLibrary': value 'MDd_DynamicDebug' doesn't match value 'MD_DynamicRelease' in AppDelegate.obj
     1>libcocos2d.lib(CCPhysicsShapeInfo_chipmunk.obj) : error LNK2038: mismatch detected for '_ITERATOR_DEBUG_LEVEL': value '2' doesn't match value '0' in AppDelegate.obj
     1>libcocos2d.lib(CCPhysicsShapeInfo_chipmunk.obj) : error LNK2038: mismatch detected for 'RuntimeLibrary': value 'MDd_DynamicDebug' doesn't match value 'MD_DynamicRelease' in AppDelegate.obj
     1>libcocos2d.lib(CCTMXObjectGroup.obj) : error LNK2038: mismatch detected for '_ITERATOR_DEBUG_LEVEL': value '2' doesn't match value '0' in AppDelegate.obj
     1>libcocos2d.lib(CCTMXObjectGroup.obj) : error LNK2038: mismatch detected for 'RuntimeLibrary': value 'MDd_DynamicDebug' doesn't match value 'MD_DynamicRelease' in AppDelegate.obj
     1>libcocos2d.lib(CCPhysicsShape.obj) : error LNK2038: mismatch detected for '_ITERATOR_DEBUG_LEVEL': value '2' doesn't match value '0' in AppDelegate.obj
     1>libcocos2d.lib(CCPhysicsShape.obj) : error LNK2038: mismatch detected for 'RuntimeLibrary': value 'MDd_DynamicDebug' doesn't match value 'MD_DynamicRelease' in AppDelegate.obj
     1>libcocos2d.lib(CCComponent.obj) : error LNK2038: mismatch detected for '_ITERATOR_DEBUG_LEVEL': value '2' doesn't match value '0' in AppDelegate.obj
     1>libcocos2d.lib(CCComponent.obj) : error LNK2038: mismatch detected for 'RuntimeLibrary': value 'MDd_DynamicDebug' doesn't match value 'MD_DynamicRelease' in AppDelegate.obj
     1>libcocos2d.lib(CCLabelTextFormatter.obj) : error LNK2038: mismatch detected for '_ITERATOR_DEBUG_LEVEL': value '2' doesn't match value '0' in AppDelegate.obj
     1>libcocos2d.lib(CCLabelTextFormatter.obj) : error LNK2038: mismatch detected for 'RuntimeLibrary': value 'MDd_DynamicDebug' doesn't match value 'MD_DynamicRelease' in AppDelegate.obj
     1>libcocos2d.lib(CCPhysicsJointInfo_chipmunk.obj) : error LNK2038: mismatch detected for '_ITERATOR_DEBUG_LEVEL': value '2' doesn't match value '0' in AppDelegate.obj
     1>libcocos2d.lib(CCPhysicsJointInfo_chipmunk.obj) : error LNK2038: mismatch detected for 'RuntimeLibrary': value 'MDd_DynamicDebug' doesn't match value 'MD_DynamicRelease' in AppDelegate.obj
     1>LINK : warning LNK4098: defaultlib 'MSVCRTD' conflicts with use of other libs; use /NODEFAULTLIB:library
     1>MSVCRT.lib(cinitexe.obj) : warning LNK4098: defaultlib 'libcmt.lib' conflicts with use of other libs; use /NODEFAULTLIB:library
     1>MSVCRT.lib(cinitexe.obj) : warning LNK4098: defaultlib 'libcmtd.lib' conflicts with use of other libs; use /NODEFAULTLIB:library
     1>C:\Users\yangboz\git\petulant-octo-dubstep\MyCocos2dxGame\proj.win32\Release.win32\MyCocos2dxGame.exe : fatal error LNK1319: 194 mismatches detected
     1>Done Building Project "C:\Users\yangboz\git\petulant-octo-dubstep\MyCocos2dxGame\proj.win32\MyCocos2dxGame.vcxproj" (Build target(s)) -- FAILED.

Build FAILED.

Time Elapsed 00:00:21.74
