Build started 2014/5/9 11:11:56.
     1>Project "C:\Users\yangboz\git\petulant-octo-dubstep\MyCocos2dxGame\proj.win32\MyCocos2dxGame.vcxproj" on node 2 (Build target(s)).
     1>ClCompile:
         C:\Program Files (x86)\Microsoft Visual Studio 12.0\VC\bin\CL.exe /c /I"C:\Users\yangboz\git\petulant-octo-dubstep\MyCocos2dxGame\cocos2d\cocos\2d\..\..\cocos\audio\include" /I"C:\Users\yangboz\git\petulant-octo-dubstep\MyCocos2dxGame\cocos2d\cocos\2d\..\..\external" /I"C:\Users\yangboz\git\petulant-octo-dubstep\MyCocos2dxGame\cocos2d\cocos\2d\..\..\external\chipmunk\include\chipmunk" /I"C:\Users\yangboz\git\petulant-octo-dubstep\MyCocos2dxGame\cocos2d\cocos\2d\..\..\extensions" /I"C:\Users\yangboz\git\petulant-octo-dubstep\MyCocos2dxGame\proj.win32\extensions" /I..\Classes /I.. /I"C:\Users\yangboz\git\petulant-octo-dubstep\MyCocos2dxGame\cocos2d\cocos\2d\..\..\cocos" /I"C:\Users\yangboz\git\petulant-octo-dubstep\MyCocos2dxGame\cocos2d\cocos\2d\..\..\cocos\2d" /I"C:\Users\yangboz\git\petulant-octo-dubstep\MyCocos2dxGame\cocos2d\cocos\2d\..\..\cocos\2d\renderer" /I"C:\Users\yangboz\git\petulant-octo-dubstep\MyCocos2dxGame\cocos2d\cocos\2d\..\..\cocos\ui" /I"C:\Users\yangboz\git\petulant-octo-dubstep\MyCocos2dxGame\cocos2d\cocos\2d\..\..\cocos\base" /I"C:\Users\yangboz\git\petulant-octo-dubstep\MyCocos2dxGame\cocos2d\cocos\2d\..\..\cocos\physics" /I"C:\Users\yangboz\git\petulant-octo-dubstep\MyCocos2dxGame\cocos2d\cocos\2d\..\..\cocos\math\kazmath" /I"C:\Users\yangboz\git\petulant-octo-dubstep\MyCocos2dxGame\cocos2d\cocos\2d\..\..\cocos\2d\platform\win32" /I"C:\Users\yangboz\git\petulant-octo-dubstep\MyCocos2dxGame\cocos2d\cocos\2d\..\..\cocos\2d\platform\desktop" /I"C:\Users\yangboz\git\petulant-octo-dubstep\MyCocos2dxGame\cocos2d\cocos\2d\..\..\external\glfw3\include\win32" /I"C:\Users\yangboz\git\petulant-octo-dubstep\MyCocos2dxGame\cocos2d\cocos\2d\..\..\external\win32-specific\gles\include\OGLES" /ZI /nologo /W3 /WX- /MP /Od /Oy- /D WIN32 /D _DEBUG /D _WINDOWS /D _USE_MATH_DEFINES /D GL_GLEXT_PROTOTYPES /D CC_ENABLE_CHIPMUNK_INTEGRATION=1 /D COCOS2D_DEBUG=1 /D _CRT_SECURE_NO_WARNINGS /D _SCL_SECURE_NO_WARNINGS /D _VARIADIC_MAX=10 /D _UNICODE /D UNICODE /Gm- /EHsc /RTC1 /MDd /GS /fp:precise /Zc:wchar_t /Zc:forScope /Fo"Debug.win32\\" /Fd"Debug.win32\vc120.pdb" /Gd /TP /wd4267 /wd4251 /wd4244 /analyze- /errorReport:prompt ..\Classes\AppDelegate.cpp ..\Classes\HelloWorldScene.cpp
         AppDelegate.cpp
         HelloWorldScene.cpp
     1>c:\users\yangboz\git\petulant-octo-dubstep\mycocos2dxgame\classes\helloworldscene.h(28): warning C4996: 'cocos2d::Object': was declared deprecated (..\Classes\AppDelegate.cpp)
                 c:\users\yangboz\git\petulant-octo-dubstep\mycocos2dxgame\cocos2d\cocos\deprecated\ccdeprecated.h(537) : see declaration of 'cocos2d::Object'
     1>c:\users\yangboz\git\petulant-octo-dubstep\mycocos2dxgame\classes\helloworldscene.h(31): warning C4996: 'cocos2d::Object': was declared deprecated (..\Classes\AppDelegate.cpp)
                 c:\users\yangboz\git\petulant-octo-dubstep\mycocos2dxgame\cocos2d\cocos\deprecated\ccdeprecated.h(537) : see declaration of 'cocos2d::Object'
     1>c:\users\yangboz\git\petulant-octo-dubstep\mycocos2dxgame\classes\helloworldscene.h(28): warning C4996: 'cocos2d::Object': was declared deprecated (..\Classes\HelloWorldScene.cpp)
                 c:\users\yangboz\git\petulant-octo-dubstep\mycocos2dxgame\cocos2d\cocos\deprecated\ccdeprecated.h(537) : see declaration of 'cocos2d::Object'
     1>c:\users\yangboz\git\petulant-octo-dubstep\mycocos2dxgame\classes\helloworldscene.h(31): warning C4996: 'cocos2d::Object': was declared deprecated (..\Classes\HelloWorldScene.cpp)
                 c:\users\yangboz\git\petulant-octo-dubstep\mycocos2dxgame\cocos2d\cocos\deprecated\ccdeprecated.h(537) : see declaration of 'cocos2d::Object'
     1>c:\users\yangboz\git\petulant-octo-dubstep\mycocos2dxgame\classes\helloworldscene.cpp(128): warning C4996: 'cocos2d::Object': was declared deprecated
                 c:\users\yangboz\git\petulant-octo-dubstep\mycocos2dxgame\cocos2d\cocos\deprecated\ccdeprecated.h(537) : see declaration of 'cocos2d::Object'
     1>c:\users\yangboz\git\petulant-octo-dubstep\mycocos2dxgame\classes\helloworldscene.cpp(165): warning C4333: '>>' : right shift by too large amount, data loss
       PreLinkEvent:
         if not exist "C:\Users\yangboz\git\petulant-octo-dubstep\MyCocos2dxGame\proj.win32\Debug.win32\" mkdir "C:\Users\yangboz\git\petulant-octo-dubstep\MyCocos2dxGame\proj.win32\Debug.win32\"
         xcopy /Y /Q "C:\Users\yangboz\git\petulant-octo-dubstep\MyCocos2dxGame\cocos2d\cocos\2d\..\..\external\websockets\prebuilt\win32\*.*" "C:\Users\yangboz\git\petulant-octo-dubstep\MyCocos2dxGame\proj.win32\Debug.win32\"
         :VCEnd
         2 File(s) copied
       Link:
         C:\Program Files (x86)\Microsoft Visual Studio 12.0\VC\bin\link.exe /ERRORREPORT:PROMPT /OUT:"C:\Users\yangboz\git\petulant-octo-dubstep\MyCocos2dxGame\proj.win32\Debug.win32\MyCocos2dxGame.exe" /INCREMENTAL /NOLOGO /LIBPATH:"C:\Users\yangboz\git\petulant-octo-dubstep\MyCocos2dxGame\proj.win32\Debug.win32\\" /LIBPATH:"C:\Users\yangboz\git\petulant-octo-dubstep\MyCocos2dxGame\proj.win32\Debug.win32\\" opengl32.lib glew32.lib libzlib.lib libpng.lib libjpeg.lib libtiff.lib libwebp.lib libiconv.lib glfw3.lib freetype250.lib winmm.lib ws2_32.lib kernel32.lib user32.lib gdi32.lib winspool.lib comdlg32.lib advapi32.lib shell32.lib ole32.lib oleaut32.lib uuid.lib odbc32.lib odbccp32.lib libExtensions.lib libCocosStudio.lib /MANIFEST /MANIFESTUAC:"level='asInvoker' uiAccess='false'" /manifest:embed /DEBUG /PDB:"C:\Users\yangboz\git\petulant-octo-dubstep\MyCocos2dxGame\proj.win32\Debug.win32\MyCocos2dxGame.pdb" /SUBSYSTEM:WINDOWS /TLBID:1 /DYNAMICBASE /NXCOMPAT /IMPLIB:"C:\Users\yangboz\git\petulant-octo-dubstep\MyCocos2dxGame\proj.win32\Debug.win32\MyCocos2dxGame.lib" /MACHINE:X86 /SAFESEH Debug.win32\game.res
         Debug.win32\AppDelegate.obj
         Debug.win32\HelloWorldScene.obj
         Debug.win32\main.obj
         "C:\Users\yangboz\git\petulant-octo-dubstep\MyCocos2dxGame\proj.win32\Debug.win32\libCocosStudio.lib"
         "C:\Users\yangboz\git\petulant-octo-dubstep\MyCocos2dxGame\proj.win32\Debug.win32\libGUI.lib"
         "C:\Users\yangboz\git\petulant-octo-dubstep\MyCocos2dxGame\proj.win32\Debug.win32\libExtensions.lib"
         "C:\Users\yangboz\git\petulant-octo-dubstep\MyCocos2dxGame\proj.win32\Debug.win32\libcocos2d.lib"
         "C:\Users\yangboz\git\petulant-octo-dubstep\MyCocos2dxGame\proj.win32\Debug.win32\libAudio.lib"
         "C:\Users\yangboz\git\petulant-octo-dubstep\MyCocos2dxGame\proj.win32\Debug.win32\libchipmunk.lib"
         MyCocos2dxGame.vcxproj -> C:\Users\yangboz\git\petulant-octo-dubstep\MyCocos2dxGame\proj.win32\Debug.win32\MyCocos2dxGame.exe
     1>Done Building Project "C:\Users\yangboz\git\petulant-octo-dubstep\MyCocos2dxGame\proj.win32\MyCocos2dxGame.vcxproj" (Build target(s)).

Build succeeded.

Time Elapsed 00:00:10.41
