c:\users\yangboz\git\petulant-octo-dubstep\mycocos2dxgame\proj.win32\debug.win32\fileoperation.obj
c:\users\yangboz\git\petulant-octo-dubstep\mycocos2dxgame\proj.win32\debug.win32\ccscale9sprite.obj
c:\users\yangboz\git\petulant-octo-dubstep\mycocos2dxgame\proj.win32\debug.win32\popuplayer.obj
c:\users\yangboz\git\petulant-octo-dubstep\mycocos2dxgame\proj.win32\debug.win32\hw_datamodel.obj
c:\users\yangboz\git\petulant-octo-dubstep\mycocos2dxgame\proj.win32\debug.win32\hw_stringutils.obj
c:\users\yangboz\git\petulant-octo-dubstep\mycocos2dxgame\proj.win32\debug.win32\hw_userdatamodel.obj
c:\users\yangboz\git\petulant-octo-dubstep\mycocos2dxgame\proj.win32\debug.win32\opencvoperation.obj
c:\users\yangboz\git\petulant-octo-dubstep\mycocos2dxgame\proj.win32\debug.win32\helloworldscene.obj
c:\users\yangboz\git\petulant-octo-dubstep\mycocos2dxgame\proj.win32\debug.win32\appdelegate.obj
c:\users\yangboz\git\petulant-octo-dubstep\mycocos2dxgame\proj.win32\debug.win32\main.obj
c:\users\yangboz\git\petulant-octo-dubstep\mycocos2dxgame\proj.win32\debug.win32\vc120.pdb
c:\users\yangboz\git\petulant-octo-dubstep\mycocos2dxgame\proj.win32\debug.win32\vc120.idb
c:\users\yangboz\git\petulant-octo-dubstep\mycocos2dxgame\proj.win32\debug.win32\game.res
c:\users\yangboz\git\petulant-octo-dubstep\mycocos2dxgame\proj.win32\debug.win32\mycocos2dxgame.pdb
c:\users\yangboz\git\petulant-octo-dubstep\mycocos2dxgame\proj.win32\debug.win32\mycocos2dxgame.tlog\cl.command.1.tlog
c:\users\yangboz\git\petulant-octo-dubstep\mycocos2dxgame\proj.win32\debug.win32\mycocos2dxgame.tlog\cl.read.1.tlog
c:\users\yangboz\git\petulant-octo-dubstep\mycocos2dxgame\proj.win32\debug.win32\mycocos2dxgame.tlog\cl.write.1.tlog
c:\users\yangboz\git\petulant-octo-dubstep\mycocos2dxgame\proj.win32\debug.win32\mycocos2dxgame.tlog\link.command.1.tlog
c:\users\yangboz\git\petulant-octo-dubstep\mycocos2dxgame\proj.win32\debug.win32\mycocos2dxgame.tlog\link.read.1.tlog
c:\users\yangboz\git\petulant-octo-dubstep\mycocos2dxgame\proj.win32\debug.win32\mycocos2dxgame.tlog\link.write.1.tlog
c:\users\yangboz\git\petulant-octo-dubstep\mycocos2dxgame\proj.win32\debug.win32\mycocos2dxgame.tlog\rc.command.1.tlog
c:\users\yangboz\git\petulant-octo-dubstep\mycocos2dxgame\proj.win32\debug.win32\mycocos2dxgame.tlog\rc.read.1.tlog
c:\users\yangboz\git\petulant-octo-dubstep\mycocos2dxgame\proj.win32\debug.win32\mycocos2dxgame.tlog\rc.write.1.tlog
